  [1m[36m (23.9ms)[0m  [1mCREATE TABLE "schema_migrations" ("version" character varying NOT NULL) [0m
  [1m[35m (1.2ms)[0m  CREATE UNIQUE INDEX  "unique_schema_migrations" ON "schema_migrations"  ("version")
  [1m[36mActiveRecord::SchemaMigration Load (0.3ms)[0m  [1mSELECT "schema_migrations".* FROM "schema_migrations"[0m
Migrating to CreateSessions (20161215224920)
  [1m[35m (0.1ms)[0m  BEGIN
  [1m[36m (19.0ms)[0m  [1mCREATE TABLE "sessions" ("id" serial primary key, "location" character varying NOT NULL, "time" timestamp NOT NULL, "class_id" integer NOT NULL, "student_id" integer NOT NULL, "created_at" timestamp NOT NULL, "updated_at" timestamp NOT NULL) [0m
  [1m[35mSQL (0.4ms)[0m  INSERT INTO "schema_migrations" ("version") VALUES ($1)  [["version", "20161215224920"]]
  [1m[36m (0.6ms)[0m  [1mCOMMIT[0m
Migrating to CreateCourses (20161215224928)
  [1m[35m (15.4ms)[0m  BEGIN
  [1m[36m (16.9ms)[0m  [1mCREATE TABLE "courses" ("id" serial primary key, "subject" character varying NOT NULL, "description" text NOT NULL, "location" character varying NOT NULL, "price" character varying NOT NULL, "teacher_id" integer NOT NULL, "created_at" timestamp NOT NULL, "updated_at" timestamp NOT NULL) [0m
  [1m[35mSQL (0.1ms)[0m  INSERT INTO "schema_migrations" ("version") VALUES ($1)  [["version", "20161215224928"]]
  [1m[36m (0.6ms)[0m  [1mCOMMIT[0m
Migrating to CreateReviews (20161215225002)
  [1m[35m (15.4ms)[0m  BEGIN
  [1m[36m (17.8ms)[0m  [1mCREATE TABLE "reviews" ("id" serial primary key, "rating" integer NOT NULL, "body" text NOT NULL, "reviewer_id" integer NOT NULL, "reviewable_type" character varying NOT NULL, "reviewable_id" integer NOT NULL, "created_at" timestamp NOT NULL, "updated_at" timestamp NOT NULL) [0m
  [1m[35mSQL (0.1ms)[0m  INSERT INTO "schema_migrations" ("version") VALUES ($1)  [["version", "20161215225002"]]
  [1m[36m (0.6ms)[0m  [1mCOMMIT[0m
Migrating to DeviseCreateUsers (20161215232358)
  [1m[35m (0.2ms)[0m  BEGIN
  [1m[36m (2.3ms)[0m  [1mCREATE TABLE "users" ("id" serial primary key, "first_name" character varying NOT NULL, "last_name" character varying NOT NULL, "dob" date, "location" character varying, "email" character varying DEFAULT '' NOT NULL, "encrypted_password" character varying DEFAULT '' NOT NULL, "reset_password_token" character varying, "reset_password_sent_at" timestamp, "remember_created_at" timestamp, "sign_in_count" integer DEFAULT 0 NOT NULL, "current_sign_in_at" timestamp, "last_sign_in_at" timestamp, "current_sign_in_ip" inet, "last_sign_in_ip" inet, "created_at" timestamp NOT NULL, "updated_at" timestamp NOT NULL) [0m
  [1m[35m (0.8ms)[0m  CREATE UNIQUE INDEX  "index_users_on_email" ON "users"  ("email")
  [1m[36m (0.9ms)[0m  [1mCREATE UNIQUE INDEX  "index_users_on_reset_password_token" ON "users"  ("reset_password_token")[0m
  [1m[35mSQL (0.1ms)[0m  INSERT INTO "schema_migrations" ("version") VALUES ($1)  [["version", "20161215232358"]]
  [1m[36m (0.6ms)[0m  [1mCOMMIT[0m
  [1m[35mActiveRecord::SchemaMigration Load (0.1ms)[0m  SELECT "schema_migrations".* FROM "schema_migrations"
  [1m[36m (2.0ms)[0m  [1mSELECT t2.oid::regclass::text AS to_table, a1.attname AS column, a2.attname AS primary_key, c.conname AS name, c.confupdtype AS on_update, c.confdeltype AS on_delete
FROM pg_constraint c
JOIN pg_class t1 ON c.conrelid = t1.oid
JOIN pg_class t2 ON c.confrelid = t2.oid
JOIN pg_attribute a1 ON a1.attnum = c.conkey[1] AND a1.attrelid = t1.oid
JOIN pg_attribute a2 ON a2.attnum = c.confkey[1] AND a2.attrelid = t2.oid
JOIN pg_namespace t3 ON c.connamespace = t3.oid
WHERE c.contype = 'f'
  AND t1.relname = 'courses'
  AND t3.nspname = ANY (current_schemas(false))
ORDER BY c.conname
[0m
  [1m[35m (1.6ms)[0m  SELECT t2.oid::regclass::text AS to_table, a1.attname AS column, a2.attname AS primary_key, c.conname AS name, c.confupdtype AS on_update, c.confdeltype AS on_delete
FROM pg_constraint c
JOIN pg_class t1 ON c.conrelid = t1.oid
JOIN pg_class t2 ON c.confrelid = t2.oid
JOIN pg_attribute a1 ON a1.attnum = c.conkey[1] AND a1.attrelid = t1.oid
JOIN pg_attribute a2 ON a2.attnum = c.confkey[1] AND a2.attrelid = t2.oid
JOIN pg_namespace t3 ON c.connamespace = t3.oid
WHERE c.contype = 'f'
  AND t1.relname = 'reviews'
  AND t3.nspname = ANY (current_schemas(false))
ORDER BY c.conname

  [1m[36m (1.5ms)[0m  [1mSELECT t2.oid::regclass::text AS to_table, a1.attname AS column, a2.attname AS primary_key, c.conname AS name, c.confupdtype AS on_update, c.confdeltype AS on_delete
FROM pg_constraint c
JOIN pg_class t1 ON c.conrelid = t1.oid
JOIN pg_class t2 ON c.confrelid = t2.oid
JOIN pg_attribute a1 ON a1.attnum = c.conkey[1] AND a1.attrelid = t1.oid
JOIN pg_attribute a2 ON a2.attnum = c.confkey[1] AND a2.attrelid = t2.oid
JOIN pg_namespace t3 ON c.connamespace = t3.oid
WHERE c.contype = 'f'
  AND t1.relname = 'sessions'
  AND t3.nspname = ANY (current_schemas(false))
ORDER BY c.conname
[0m
  [1m[35m (1.5ms)[0m  SELECT t2.oid::regclass::text AS to_table, a1.attname AS column, a2.attname AS primary_key, c.conname AS name, c.confupdtype AS on_update, c.confdeltype AS on_delete
FROM pg_constraint c
JOIN pg_class t1 ON c.conrelid = t1.oid
JOIN pg_class t2 ON c.confrelid = t2.oid
JOIN pg_attribute a1 ON a1.attnum = c.conkey[1] AND a1.attrelid = t1.oid
JOIN pg_attribute a2 ON a2.attnum = c.confkey[1] AND a2.attrelid = t2.oid
JOIN pg_namespace t3 ON c.connamespace = t3.oid
WHERE c.contype = 'f'
  AND t1.relname = 'users'
  AND t3.nspname = ANY (current_schemas(false))
ORDER BY c.conname

  [1m[36mActiveRecord::SchemaMigration Load (0.3ms)[0m  [1mSELECT "schema_migrations".* FROM "schema_migrations"[0m
  [1m[35m (0.1ms)[0m  BEGIN
  [1m[36mUser Exists (0.7ms)[0m  [1mSELECT  1 AS one FROM "users" WHERE "users"."email" = 'tae@gmail.com' LIMIT 1[0m
  [1m[35mSQL (11.4ms)[0m  INSERT INTO "users" ("first_name", "last_name", "email", "encrypted_password", "created_at", "updated_at") VALUES ($1, $2, $3, $4, $5, $6) RETURNING "id"  [["first_name", "Tae"], ["last_name", "Yun"], ["email", "tae@gmail.com"], ["encrypted_password", "$2a$11$N4dwH5QKThmGJbPod9ghb.6mJsuPSc9my3sfwzXVJGgr.h7w4KBri"], ["created_at", "2016-12-16 00:26:39.465058"], ["updated_at", "2016-12-16 00:26:39.465058"]]
  [1m[36m (0.4ms)[0m  [1mCOMMIT[0m
  [1m[36mUser Load (0.7ms)[0m  [1mSELECT  "users".* FROM "users"  ORDER BY "users"."id" ASC LIMIT 1[0m
  [1m[35mCourse Load (0.4ms)[0m  SELECT "courses".* FROM "courses" WHERE "courses"."teacher_id" = $1  [["teacher_id", 1]]
  [1m[36mActiveRecord::SchemaMigration Load (0.3ms)[0m  [1mSELECT "schema_migrations".* FROM "schema_migrations"[0m
  [1m[35mSQL (0.9ms)[0m  DELETE FROM "users"
  [1m[36mSQL (0.4ms)[0m  [1mDELETE FROM "sessions"[0m
  [1m[35mSQL (0.3ms)[0m  DELETE FROM "courses"
  [1m[36mSQL (0.3ms)[0m  [1mDELETE FROM "reviews"[0m
  [1m[35m (0.1ms)[0m  BEGIN
  [1m[36mUser Exists (0.4ms)[0m  [1mSELECT  1 AS one FROM "users" WHERE "users"."email" = 'tae@gmail.com' LIMIT 1[0m
  [1m[35mSQL (0.2ms)[0m  INSERT INTO "users" ("first_name", "last_name", "email", "encrypted_password", "created_at", "updated_at") VALUES ($1, $2, $3, $4, $5, $6) RETURNING "id"  [["first_name", "Tae"], ["last_name", "Yun"], ["email", "tae@gmail.com"], ["encrypted_password", "$2a$11$6wWCGubELMtFYtTm/DBQMuKlzeDVzoh663YLupx.Gf4zNcFZBJHK2"], ["created_at", "2016-12-16 00:29:27.139067"], ["updated_at", "2016-12-16 00:29:27.139067"]]
  [1m[36m (0.4ms)[0m  [1mCOMMIT[0m
  [1m[35m (0.1ms)[0m  BEGIN
  [1m[36mSQL (7.9ms)[0m  [1mINSERT INTO "courses" ("subject", "description", "location", "teacher_id", "created_at", "updated_at") VALUES ($1, $2, $3, $4, $5, $6) RETURNING "id"[0m  [["subject", "computers"], ["description", "They suck"], ["location", "San Diego"], ["teacher_id", 2], ["created_at", "2016-12-16 00:29:27.150573"], ["updated_at", "2016-12-16 00:29:27.150573"]]
PG::NotNullViolation: ERROR:  null value in column "price" violates not-null constraint
DETAIL:  Failing row contains (1, computers, They suck, San Diego, null, 2, 2016-12-16 00:29:27.150573, 2016-12-16 00:29:27.150573).
: INSERT INTO "courses" ("subject", "description", "location", "teacher_id", "created_at", "updated_at") VALUES ($1, $2, $3, $4, $5, $6) RETURNING "id"
  [1m[35m (0.1ms)[0m  ROLLBACK
  [1m[36mActiveRecord::SchemaMigration Load (0.3ms)[0m  [1mSELECT "schema_migrations".* FROM "schema_migrations"[0m
  [1m[35mSQL (0.8ms)[0m  DELETE FROM "users"
  [1m[36mSQL (0.3ms)[0m  [1mDELETE FROM "sessions"[0m
  [1m[35mSQL (0.3ms)[0m  DELETE FROM "courses"
  [1m[36mSQL (0.2ms)[0m  [1mDELETE FROM "reviews"[0m
  [1m[35m (0.1ms)[0m  BEGIN
  [1m[36mUser Exists (0.4ms)[0m  [1mSELECT  1 AS one FROM "users" WHERE "users"."email" = 'tae@gmail.com' LIMIT 1[0m
  [1m[35mSQL (0.2ms)[0m  INSERT INTO "users" ("first_name", "last_name", "email", "encrypted_password", "created_at", "updated_at") VALUES ($1, $2, $3, $4, $5, $6) RETURNING "id"  [["first_name", "Tae"], ["last_name", "Yun"], ["email", "tae@gmail.com"], ["encrypted_password", "$2a$11$f3ET/CBZZfefjX3L0seMBOAS3wVgDoq6ZkZcMidVpRP9wvqsMd80S"], ["created_at", "2016-12-16 00:29:49.759296"], ["updated_at", "2016-12-16 00:29:49.759296"]]
  [1m[36m (0.4ms)[0m  [1mCOMMIT[0m
  [1m[35m (0.1ms)[0m  BEGIN
  [1m[36mSQL (0.3ms)[0m  [1mINSERT INTO "courses" ("price", "subject", "description", "location", "teacher_id", "created_at", "updated_at") VALUES ($1, $2, $3, $4, $5, $6, $7) RETURNING "id"[0m  [["price", "$300"], ["subject", "computers"], ["description", "They suck"], ["location", "San Diego"], ["teacher_id", 3], ["created_at", "2016-12-16 00:29:49.770166"], ["updated_at", "2016-12-16 00:29:49.770166"]]
  [1m[35m (0.3ms)[0m  COMMIT
  [1m[36mCourse Load (0.6ms)[0m  [1mSELECT  "courses".* FROM "courses"  ORDER BY "courses"."id" ASC LIMIT 1[0m
  [1m[35mUser Load (0.6ms)[0m  SELECT  "users".* FROM "users" WHERE "users"."id" = $1 LIMIT 1  [["id", 3]]
  [1m[36m (3.1ms)[0m  [1mCREATE TABLE "schema_migrations" ("version" character varying NOT NULL) [0m
  [1m[35m (1.1ms)[0m  CREATE UNIQUE INDEX  "unique_schema_migrations" ON "schema_migrations"  ("version")
  [1m[36mActiveRecord::SchemaMigration Load (0.2ms)[0m  [1mSELECT "schema_migrations".* FROM "schema_migrations"[0m
Migrating to CreateSessions (20161215224920)
  [1m[35m (0.1ms)[0m  BEGIN
  [1m[36m (2.8ms)[0m  [1mCREATE TABLE "sessions" ("id" serial primary key, "location" character varying NOT NULL, "time" timestamp NOT NULL, "class_id" integer NOT NULL, "student_id" integer NOT NULL, "created_at" timestamp NOT NULL, "updated_at" timestamp NOT NULL) [0m
  [1m[35mSQL (0.4ms)[0m  INSERT INTO "schema_migrations" ("version") VALUES ($1)  [["version", "20161215224920"]]
  [1m[36m (0.5ms)[0m  [1mCOMMIT[0m
Migrating to CreateCourses (20161215224928)
  [1m[35m (0.3ms)[0m  BEGIN
  [1m[36m (2.7ms)[0m  [1mCREATE TABLE "courses" ("id" serial primary key, "subject" character varying NOT NULL, "description" text NOT NULL, "location" character varying NOT NULL, "price" character varying NOT NULL, "teacher_id" integer NOT NULL, "created_at" timestamp NOT NULL, "updated_at" timestamp NOT NULL) [0m
  [1m[35mSQL (0.1ms)[0m  INSERT INTO "schema_migrations" ("version") VALUES ($1)  [["version", "20161215224928"]]
  [1m[36m (0.7ms)[0m  [1mCOMMIT[0m
Migrating to CreateReviews (20161215225002)
  [1m[35m (0.2ms)[0m  BEGIN
  [1m[36m (2.5ms)[0m  [1mCREATE TABLE "reviews" ("id" serial primary key, "rating" integer NOT NULL, "body" text NOT NULL, "reviewer_id" integer NOT NULL, "reviewable_type" character varying NOT NULL, "reviewable_id" integer NOT NULL, "created_at" timestamp NOT NULL, "updated_at" timestamp NOT NULL) [0m
  [1m[35mSQL (0.1ms)[0m  INSERT INTO "schema_migrations" ("version") VALUES ($1)  [["version", "20161215225002"]]
  [1m[36m (0.4ms)[0m  [1mCOMMIT[0m
Migrating to DeviseCreateUsers (20161215232358)
  [1m[35m (0.3ms)[0m  BEGIN
  [1m[36m (3.5ms)[0m  [1mCREATE TABLE "users" ("id" serial primary key, "first_name" character varying NOT NULL, "last_name" character varying NOT NULL, "dob" date NOT NULL, "location" character varying, "email" character varying DEFAULT '' NOT NULL, "encrypted_password" character varying DEFAULT '' NOT NULL, "reset_password_token" character varying, "reset_password_sent_at" timestamp, "remember_created_at" timestamp, "sign_in_count" integer DEFAULT 0 NOT NULL, "current_sign_in_at" timestamp, "last_sign_in_at" timestamp, "current_sign_in_ip" inet, "last_sign_in_ip" inet, "created_at" timestamp NOT NULL, "updated_at" timestamp NOT NULL) [0m
  [1m[35m (0.8ms)[0m  CREATE UNIQUE INDEX  "index_users_on_email" ON "users"  ("email")
  [1m[36m (0.9ms)[0m  [1mCREATE UNIQUE INDEX  "index_users_on_reset_password_token" ON "users"  ("reset_password_token")[0m
  [1m[35mSQL (0.1ms)[0m  INSERT INTO "schema_migrations" ("version") VALUES ($1)  [["version", "20161215232358"]]
  [1m[36m (0.6ms)[0m  [1mCOMMIT[0m
  [1m[35mActiveRecord::SchemaMigration Load (0.1ms)[0m  SELECT "schema_migrations".* FROM "schema_migrations"
  [1m[36m (2.1ms)[0m  [1mSELECT t2.oid::regclass::text AS to_table, a1.attname AS column, a2.attname AS primary_key, c.conname AS name, c.confupdtype AS on_update, c.confdeltype AS on_delete
FROM pg_constraint c
JOIN pg_class t1 ON c.conrelid = t1.oid
JOIN pg_class t2 ON c.confrelid = t2.oid
JOIN pg_attribute a1 ON a1.attnum = c.conkey[1] AND a1.attrelid = t1.oid
JOIN pg_attribute a2 ON a2.attnum = c.confkey[1] AND a2.attrelid = t2.oid
JOIN pg_namespace t3 ON c.connamespace = t3.oid
WHERE c.contype = 'f'
  AND t1.relname = 'courses'
  AND t3.nspname = ANY (current_schemas(false))
ORDER BY c.conname
[0m
  [1m[35m (1.7ms)[0m  SELECT t2.oid::regclass::text AS to_table, a1.attname AS column, a2.attname AS primary_key, c.conname AS name, c.confupdtype AS on_update, c.confdeltype AS on_delete
FROM pg_constraint c
JOIN pg_class t1 ON c.conrelid = t1.oid
JOIN pg_class t2 ON c.confrelid = t2.oid
JOIN pg_attribute a1 ON a1.attnum = c.conkey[1] AND a1.attrelid = t1.oid
JOIN pg_attribute a2 ON a2.attnum = c.confkey[1] AND a2.attrelid = t2.oid
JOIN pg_namespace t3 ON c.connamespace = t3.oid
WHERE c.contype = 'f'
  AND t1.relname = 'reviews'
  AND t3.nspname = ANY (current_schemas(false))
ORDER BY c.conname

  [1m[36m (1.6ms)[0m  [1mSELECT t2.oid::regclass::text AS to_table, a1.attname AS column, a2.attname AS primary_key, c.conname AS name, c.confupdtype AS on_update, c.confdeltype AS on_delete
FROM pg_constraint c
JOIN pg_class t1 ON c.conrelid = t1.oid
JOIN pg_class t2 ON c.confrelid = t2.oid
JOIN pg_attribute a1 ON a1.attnum = c.conkey[1] AND a1.attrelid = t1.oid
JOIN pg_attribute a2 ON a2.attnum = c.confkey[1] AND a2.attrelid = t2.oid
JOIN pg_namespace t3 ON c.connamespace = t3.oid
WHERE c.contype = 'f'
  AND t1.relname = 'sessions'
  AND t3.nspname = ANY (current_schemas(false))
ORDER BY c.conname
[0m
  [1m[35m (2.4ms)[0m  SELECT t2.oid::regclass::text AS to_table, a1.attname AS column, a2.attname AS primary_key, c.conname AS name, c.confupdtype AS on_update, c.confdeltype AS on_delete
FROM pg_constraint c
JOIN pg_class t1 ON c.conrelid = t1.oid
JOIN pg_class t2 ON c.confrelid = t2.oid
JOIN pg_attribute a1 ON a1.attnum = c.conkey[1] AND a1.attrelid = t1.oid
JOIN pg_attribute a2 ON a2.attnum = c.confkey[1] AND a2.attrelid = t2.oid
JOIN pg_namespace t3 ON c.connamespace = t3.oid
WHERE c.contype = 'f'
  AND t1.relname = 'users'
  AND t3.nspname = ANY (current_schemas(false))
ORDER BY c.conname

  [1m[36mActiveRecord::SchemaMigration Load (0.3ms)[0m  [1mSELECT "schema_migrations".* FROM "schema_migrations"[0m
  [1m[35mSQL (0.6ms)[0m  DELETE FROM "users"
  [1m[36mSQL (0.3ms)[0m  [1mDELETE FROM "sessions"[0m
  [1m[35mSQL (0.3ms)[0m  DELETE FROM "courses"
  [1m[36mSQL (0.3ms)[0m  [1mDELETE FROM "reviews"[0m
  [1m[35m (0.1ms)[0m  BEGIN
  [1m[36mUser Exists (0.4ms)[0m  [1mSELECT  1 AS one FROM "users" WHERE "users"."email" = 'tae@gmail.com' LIMIT 1[0m
  [1m[35mSQL (0.9ms)[0m  INSERT INTO "users" ("first_name", "last_name", "email", "encrypted_password", "created_at", "updated_at") VALUES ($1, $2, $3, $4, $5, $6) RETURNING "id"  [["first_name", "Tae"], ["last_name", "Yun"], ["email", "tae@gmail.com"], ["encrypted_password", "$2a$11$9eKLE4m6xOPX5TcUjsxOtuqm992g4sYJGKVwgx96j0yHHQPGRuJ9u"], ["created_at", "2016-12-16 00:32:43.331682"], ["updated_at", "2016-12-16 00:32:43.331682"]]
PG::NotNullViolation: ERROR:  null value in column "dob" violates not-null constraint
DETAIL:  Failing row contains (1, Tae, Yun, null, null, tae@gmail.com, $2a$11$9eKLE4m6xOPX5TcUjsxOtuqm992g4sYJGKVwgx96j0yHHQPGRuJ9u, null, null, null, 0, null, null, null, null, 2016-12-16 00:32:43.331682, 2016-12-16 00:32:43.331682).
: INSERT INTO "users" ("first_name", "last_name", "email", "encrypted_password", "created_at", "updated_at") VALUES ($1, $2, $3, $4, $5, $6) RETURNING "id"
  [1m[36m (0.1ms)[0m  [1mROLLBACK[0m
  [1m[36mActiveRecord::SchemaMigration Load (0.3ms)[0m  [1mSELECT "schema_migrations".* FROM "schema_migrations"[0m
  [1m[35mSQL (0.4ms)[0m  DELETE FROM "users"
  [1m[36mSQL (0.2ms)[0m  [1mDELETE FROM "sessions"[0m
  [1m[35mSQL (0.3ms)[0m  DELETE FROM "courses"
  [1m[36mSQL (0.2ms)[0m  [1mDELETE FROM "reviews"[0m
  [1m[35m (0.1ms)[0m  BEGIN
  [1m[36mUser Exists (0.4ms)[0m  [1mSELECT  1 AS one FROM "users" WHERE "users"."email" = 'tae@gmail.com' LIMIT 1[0m
  [1m[35mSQL (0.5ms)[0m  INSERT INTO "users" ("dob", "first_name", "last_name", "email", "encrypted_password", "created_at", "updated_at") VALUES ($1, $2, $3, $4, $5, $6, $7) RETURNING "id"  [["dob", "0002-02-02"], ["first_name", "Tae"], ["last_name", "Yun"], ["email", "tae@gmail.com"], ["encrypted_password", "$2a$11$h/p0hNNPY7f2oSw/1kkOQuxNpdXBfDqKCpMGT/fCofq04wRrZCCta"], ["created_at", "2016-12-16 00:33:15.931825"], ["updated_at", "2016-12-16 00:33:15.931825"]]
  [1m[36m (0.5ms)[0m  [1mCOMMIT[0m
  [1m[35m (0.1ms)[0m  BEGIN
  [1m[36mSQL (0.3ms)[0m  [1mINSERT INTO "courses" ("price", "subject", "description", "location", "teacher_id", "created_at", "updated_at") VALUES ($1, $2, $3, $4, $5, $6, $7) RETURNING "id"[0m  [["price", "$300"], ["subject", "computers"], ["description", "They suck"], ["location", "San Diego"], ["teacher_id", 2], ["created_at", "2016-12-16 00:33:15.943285"], ["updated_at", "2016-12-16 00:33:15.943285"]]
  [1m[35m (0.4ms)[0m  COMMIT
  [1m[36mActiveRecord::SchemaMigration Load (0.3ms)[0m  [1mSELECT "schema_migrations".* FROM "schema_migrations"[0m
  [1m[35mSQL (0.8ms)[0m  DELETE FROM "users"
  [1m[36mSQL (0.3ms)[0m  [1mDELETE FROM "sessions"[0m
  [1m[35mSQL (0.5ms)[0m  DELETE FROM "courses"
  [1m[36mSQL (0.3ms)[0m  [1mDELETE FROM "reviews"[0m
  [1m[35m (0.1ms)[0m  BEGIN
  [1m[36mUser Exists (0.4ms)[0m  [1mSELECT  1 AS one FROM "users" WHERE "users"."email" = 'tae@gmail.com' LIMIT 1[0m
  [1m[35mSQL (0.2ms)[0m  INSERT INTO "users" ("dob", "first_name", "last_name", "email", "encrypted_password", "created_at", "updated_at") VALUES ($1, $2, $3, $4, $5, $6, $7) RETURNING "id"  [["dob", "0002-02-02"], ["first_name", "Tae"], ["last_name", "Yun"], ["email", "tae@gmail.com"], ["encrypted_password", "$2a$11$FjUck4nrk234tLLQ6cGftul6S04G.DpwFYnZWjQhLaU5teLCzEXdy"], ["created_at", "2016-12-16 00:39:18.734304"], ["updated_at", "2016-12-16 00:39:18.734304"]]
  [1m[36m (0.5ms)[0m  [1mCOMMIT[0m
  [1m[35m (0.1ms)[0m  BEGIN
  [1m[36mUser Exists (0.2ms)[0m  [1mSELECT  1 AS one FROM "users" WHERE "users"."email" = 'matt@gmail.com' LIMIT 1[0m
  [1m[35mSQL (0.2ms)[0m  INSERT INTO "users" ("dob", "first_name", "last_name", "email", "encrypted_password", "created_at", "updated_at") VALUES ($1, $2, $3, $4, $5, $6, $7) RETURNING "id"  [["dob", "0002-02-02"], ["first_name", "Matt"], ["last_name", "Dimesky"], ["email", "matt@gmail.com"], ["encrypted_password", "$2a$11$lXGp02Ao//WzpOa31H1tE.iABnN.wJxc.yarTxALKAFZ6/t0bttZi"], ["created_at", "2016-12-16 00:39:18.871376"], ["updated_at", "2016-12-16 00:39:18.871376"]]
  [1m[36m (0.4ms)[0m  [1mCOMMIT[0m
  [1m[35m (0.1ms)[0m  BEGIN
  [1m[36mSQL (0.2ms)[0m  [1mINSERT INTO "courses" ("price", "subject", "description", "location", "teacher_id", "created_at", "updated_at") VALUES ($1, $2, $3, $4, $5, $6, $7) RETURNING "id"[0m  [["price", "$300"], ["subject", "computers"], ["description", "They suck"], ["location", "San Diego"], ["teacher_id", 3], ["created_at", "2016-12-16 00:39:18.882105"], ["updated_at", "2016-12-16 00:39:18.882105"]]
  [1m[35m (0.3ms)[0m  COMMIT
  [1m[36mActiveRecord::SchemaMigration Load (0.3ms)[0m  [1mSELECT "schema_migrations".* FROM "schema_migrations"[0m
  [1m[35mSQL (0.8ms)[0m  DELETE FROM "users"
  [1m[36mSQL (0.3ms)[0m  [1mDELETE FROM "sessions"[0m
  [1m[35mSQL (0.5ms)[0m  DELETE FROM "courses"
  [1m[36mSQL (0.3ms)[0m  [1mDELETE FROM "reviews"[0m
  [1m[35m (0.1ms)[0m  BEGIN
  [1m[36mUser Exists (0.4ms)[0m  [1mSELECT  1 AS one FROM "users" WHERE "users"."email" = 'tae@gmail.com' LIMIT 1[0m
  [1m[35mSQL (0.2ms)[0m  INSERT INTO "users" ("dob", "first_name", "last_name", "email", "encrypted_password", "created_at", "updated_at") VALUES ($1, $2, $3, $4, $5, $6, $7) RETURNING "id"  [["dob", "0002-02-02"], ["first_name", "Tae"], ["last_name", "Yun"], ["email", "tae@gmail.com"], ["encrypted_password", "$2a$11$6eachOl1euAwjLruZkLw4urg2gFCiqXlXBs.6glYwZODMYXIpc9om"], ["created_at", "2016-12-16 00:39:31.912886"], ["updated_at", "2016-12-16 00:39:31.912886"]]
  [1m[36m (0.4ms)[0m  [1mCOMMIT[0m
  [1m[35m (0.1ms)[0m  BEGIN
  [1m[36mUser Exists (0.3ms)[0m  [1mSELECT  1 AS one FROM "users" WHERE "users"."email" = 'matt@gmail.com' LIMIT 1[0m
  [1m[35mSQL (0.2ms)[0m  INSERT INTO "users" ("dob", "first_name", "last_name", "email", "encrypted_password", "created_at", "updated_at") VALUES ($1, $2, $3, $4, $5, $6, $7) RETURNING "id"  [["dob", "0002-02-02"], ["first_name", "Matt"], ["last_name", "Dimesky"], ["email", "matt@gmail.com"], ["encrypted_password", "$2a$11$SY1r4QsxoDDlIbMRoP.a6et1HctqKppKkLYgZFPCJGId1iMC0XL7."], ["created_at", "2016-12-16 00:39:32.049661"], ["updated_at", "2016-12-16 00:39:32.049661"]]
  [1m[36m (0.5ms)[0m  [1mCOMMIT[0m
  [1m[35m (0.1ms)[0m  BEGIN
  [1m[36mSQL (0.2ms)[0m  [1mINSERT INTO "courses" ("price", "subject", "description", "location", "teacher_id", "created_at", "updated_at") VALUES ($1, $2, $3, $4, $5, $6, $7) RETURNING "id"[0m  [["price", "$300"], ["subject", "computers"], ["description", "They suck"], ["location", "San Diego"], ["teacher_id", 5], ["created_at", "2016-12-16 00:39:32.060357"], ["updated_at", "2016-12-16 00:39:32.060357"]]
  [1m[35m (0.3ms)[0m  COMMIT
  [1m[36m (0.1ms)[0m  [1mBEGIN[0m
  [1m[35m (0.1ms)[0m  ROLLBACK
  [1m[36m (0.1ms)[0m  [1mDROP DATABASE IF EXISTS "final-project-learning-app_development"[0m
  [1m[35m (0.1ms)[0m  DROP DATABASE IF EXISTS "final-project-learning-app_test"
  [1m[36m (251.2ms)[0m  [1mCREATE DATABASE "final-project-learning-app_development" ENCODING = 'unicode'[0m
  [1m[35m (261.0ms)[0m  CREATE DATABASE "final-project-learning-app_test" ENCODING = 'unicode'
  [1m[36mSQL (0.2ms)[0m  [1mCREATE EXTENSION IF NOT EXISTS "plpgsql"[0m
  [1m[35m (4.6ms)[0m  CREATE TABLE "courses" ("id" serial primary key, "subject" character varying NOT NULL, "description" text NOT NULL, "location" character varying NOT NULL, "price" character varying NOT NULL, "teacher_id" integer NOT NULL, "created_at" timestamp NOT NULL, "updated_at" timestamp NOT NULL) 
  [1m[36m (3.5ms)[0m  [1mCREATE TABLE "reviews" ("id" serial primary key, "rating" integer NOT NULL, "body" text NOT NULL, "reviewer_id" integer NOT NULL, "reviewable_type" character varying NOT NULL, "reviewable_id" integer NOT NULL, "created_at" timestamp NOT NULL, "updated_at" timestamp NOT NULL) [0m
  [1m[35m (3.4ms)[0m  CREATE TABLE "sessions" ("id" serial primary key, "location" character varying NOT NULL, "time" timestamp NOT NULL, "class_id" integer NOT NULL, "student_id" integer NOT NULL, "created_at" timestamp NOT NULL, "updated_at" timestamp NOT NULL) 
  [1m[36m (3.2ms)[0m  [1mCREATE TABLE "users" ("id" serial primary key, "first_name" character varying NOT NULL, "last_name" character varying NOT NULL, "dob" date NOT NULL, "location" character varying, "email" character varying DEFAULT '' NOT NULL, "encrypted_password" character varying DEFAULT '' NOT NULL, "reset_password_token" character varying, "reset_password_sent_at" timestamp, "remember_created_at" timestamp, "sign_in_count" integer DEFAULT 0 NOT NULL, "current_sign_in_at" timestamp, "last_sign_in_at" timestamp, "current_sign_in_ip" inet, "last_sign_in_ip" inet, "created_at" timestamp NOT NULL, "updated_at" timestamp NOT NULL) [0m
  [1m[35m (1.6ms)[0m  CREATE UNIQUE INDEX  "index_users_on_email" ON "users" USING btree ("email")
  [1m[36m (1.6ms)[0m  [1mCREATE UNIQUE INDEX  "index_users_on_reset_password_token" ON "users" USING btree ("reset_password_token")[0m
  [1m[35m (1.9ms)[0m  CREATE TABLE "schema_migrations" ("version" character varying NOT NULL) 
  [1m[36m (1.0ms)[0m  [1mCREATE UNIQUE INDEX  "unique_schema_migrations" ON "schema_migrations"  ("version")[0m
  [1m[35m (0.3ms)[0m  SELECT version FROM "schema_migrations"
  [1m[36m (0.5ms)[0m  [1mINSERT INTO "schema_migrations" (version) VALUES ('20161215232358')[0m
  [1m[35m (0.4ms)[0m  INSERT INTO "schema_migrations" (version) VALUES ('20161215224920')
  [1m[36m (0.4ms)[0m  [1mINSERT INTO "schema_migrations" (version) VALUES ('20161215224928')[0m
  [1m[35m (0.3ms)[0m  INSERT INTO "schema_migrations" (version) VALUES ('20161215225002')
  [1m[36mSQL (0.2ms)[0m  [1mCREATE EXTENSION IF NOT EXISTS "plpgsql"[0m
  [1m[35m (6.6ms)[0m  CREATE TABLE "courses" ("id" serial primary key, "subject" character varying NOT NULL, "description" text NOT NULL, "location" character varying NOT NULL, "price" character varying NOT NULL, "teacher_id" integer NOT NULL, "created_at" timestamp NOT NULL, "updated_at" timestamp NOT NULL) 
  [1m[36m (2.6ms)[0m  [1mCREATE TABLE "reviews" ("id" serial primary key, "rating" integer NOT NULL, "body" text NOT NULL, "reviewer_id" integer NOT NULL, "reviewable_type" character varying NOT NULL, "reviewable_id" integer NOT NULL, "created_at" timestamp NOT NULL, "updated_at" timestamp NOT NULL) [0m
  [1m[35m (3.7ms)[0m  CREATE TABLE "sessions" ("id" serial primary key, "location" character varying NOT NULL, "time" timestamp NOT NULL, "class_id" integer NOT NULL, "student_id" integer NOT NULL, "created_at" timestamp NOT NULL, "updated_at" timestamp NOT NULL) 
  [1m[36m (3.0ms)[0m  [1mCREATE TABLE "users" ("id" serial primary key, "first_name" character varying NOT NULL, "last_name" character varying NOT NULL, "dob" date NOT NULL, "location" character varying, "email" character varying DEFAULT '' NOT NULL, "encrypted_password" character varying DEFAULT '' NOT NULL, "reset_password_token" character varying, "reset_password_sent_at" timestamp, "remember_created_at" timestamp, "sign_in_count" integer DEFAULT 0 NOT NULL, "current_sign_in_at" timestamp, "last_sign_in_at" timestamp, "current_sign_in_ip" inet, "last_sign_in_ip" inet, "created_at" timestamp NOT NULL, "updated_at" timestamp NOT NULL) [0m
  [1m[35m (1.4ms)[0m  CREATE UNIQUE INDEX  "index_users_on_email" ON "users" USING btree ("email")
  [1m[36m (1.2ms)[0m  [1mCREATE UNIQUE INDEX  "index_users_on_reset_password_token" ON "users" USING btree ("reset_password_token")[0m
  [1m[35m (2.0ms)[0m  CREATE TABLE "schema_migrations" ("version" character varying NOT NULL) 
  [1m[36m (1.3ms)[0m  [1mCREATE UNIQUE INDEX  "unique_schema_migrations" ON "schema_migrations"  ("version")[0m
  [1m[35m (0.4ms)[0m  SELECT version FROM "schema_migrations"
  [1m[36m (0.7ms)[0m  [1mINSERT INTO "schema_migrations" (version) VALUES ('20161215232358')[0m
  [1m[35m (1.0ms)[0m  INSERT INTO "schema_migrations" (version) VALUES ('20161215224920')
  [1m[36m (0.4ms)[0m  [1mINSERT INTO "schema_migrations" (version) VALUES ('20161215224928')[0m
  [1m[35m (0.3ms)[0m  INSERT INTO "schema_migrations" (version) VALUES ('20161215225002')
  [1m[36mActiveRecord::SchemaMigration Load (0.3ms)[0m  [1mSELECT "schema_migrations".* FROM "schema_migrations"[0m
  [1m[35mSQL (0.5ms)[0m  DELETE FROM "users"
  [1m[36mSQL (1.2ms)[0m  [1mDELETE FROM "sessions"[0m
  [1m[35mSQL (0.3ms)[0m  DELETE FROM "courses"
  [1m[36mSQL (0.2ms)[0m  [1mDELETE FROM "reviews"[0m
  [1m[35m (0.1ms)[0m  BEGIN
  [1m[36mUser Exists (0.4ms)[0m  [1mSELECT  1 AS one FROM "users" WHERE "users"."email" = 'tae@gmail.com' LIMIT 1[0m
  [1m[35mSQL (0.4ms)[0m  INSERT INTO "users" ("dob", "first_name", "last_name", "email", "encrypted_password", "created_at", "updated_at") VALUES ($1, $2, $3, $4, $5, $6, $7) RETURNING "id"  [["dob", "0002-02-02"], ["first_name", "Tae"], ["last_name", "Yun"], ["email", "tae@gmail.com"], ["encrypted_password", "$2a$11$5yLR/OMAsghO/HAaOPB0X.YkErX9LEN1r6OjPAhF2HGeSGju1TYXe"], ["created_at", "2016-12-16 00:40:01.512022"], ["updated_at", "2016-12-16 00:40:01.512022"]]
  [1m[36m (0.5ms)[0m  [1mCOMMIT[0m
  [1m[35m (0.1ms)[0m  BEGIN
  [1m[36mUser Exists (0.3ms)[0m  [1mSELECT  1 AS one FROM "users" WHERE "users"."email" = 'matt@gmail.com' LIMIT 1[0m
  [1m[35mSQL (0.2ms)[0m  INSERT INTO "users" ("dob", "first_name", "last_name", "email", "encrypted_password", "created_at", "updated_at") VALUES ($1, $2, $3, $4, $5, $6, $7) RETURNING "id"  [["dob", "0002-02-02"], ["first_name", "Matt"], ["last_name", "Dimesky"], ["email", "matt@gmail.com"], ["encrypted_password", "$2a$11$T53HFVg7zoEFO4laKOc.JOudIHZf0C/hha4oyEGeUWOKonGLsTgI2"], ["created_at", "2016-12-16 00:40:01.648917"], ["updated_at", "2016-12-16 00:40:01.648917"]]
  [1m[36m (0.4ms)[0m  [1mCOMMIT[0m
  [1m[35m (0.1ms)[0m  BEGIN
  [1m[36mSQL (0.3ms)[0m  [1mINSERT INTO "courses" ("price", "subject", "description", "location", "teacher_id", "created_at", "updated_at") VALUES ($1, $2, $3, $4, $5, $6, $7) RETURNING "id"[0m  [["price", "$300"], ["subject", "computers"], ["description", "They suck"], ["location", "San Diego"], ["teacher_id", 1], ["created_at", "2016-12-16 00:40:01.659116"], ["updated_at", "2016-12-16 00:40:01.659116"]]
  [1m[35m (0.3ms)[0m  COMMIT
  [1m[36m (0.1ms)[0m  [1mBEGIN[0m
  [1m[35m (0.1ms)[0m  ROLLBACK
  [1m[36m (315.6ms)[0m  [1mDROP DATABASE IF EXISTS "final-project-learning-app_development"[0m
  [1m[35m (112.7ms)[0m  DROP DATABASE IF EXISTS "final-project-learning-app_test"
  [1m[36m (236.5ms)[0m  [1mCREATE DATABASE "final-project-learning-app_development" ENCODING = 'unicode'[0m
  [1m[35m (236.7ms)[0m  CREATE DATABASE "final-project-learning-app_test" ENCODING = 'unicode'
  [1m[36m (2.9ms)[0m  [1mCREATE TABLE "schema_migrations" ("version" character varying NOT NULL) [0m
  [1m[35m (1.1ms)[0m  CREATE UNIQUE INDEX  "unique_schema_migrations" ON "schema_migrations"  ("version")
  [1m[36mActiveRecord::SchemaMigration Load (0.2ms)[0m  [1mSELECT "schema_migrations".* FROM "schema_migrations"[0m
Migrating to CreateSessions (20161215224920)
  [1m[35m (0.1ms)[0m  BEGIN
  [1m[36m (3.6ms)[0m  [1mCREATE TABLE "sessions" ("id" serial primary key, "location" character varying NOT NULL, "time" timestamp NOT NULL, "course_id" integer NOT NULL, "student_id" integer NOT NULL, "created_at" timestamp NOT NULL, "updated_at" timestamp NOT NULL) [0m
  [1m[35mSQL (0.2ms)[0m  INSERT INTO "schema_migrations" ("version") VALUES ($1)  [["version", "20161215224920"]]
  [1m[36m (0.5ms)[0m  [1mCOMMIT[0m
Migrating to CreateCourses (20161215224928)
  [1m[35m (0.1ms)[0m  BEGIN
  [1m[36m (2.9ms)[0m  [1mCREATE TABLE "courses" ("id" serial primary key, "subject" character varying NOT NULL, "description" text NOT NULL, "location" character varying NOT NULL, "price" character varying NOT NULL, "teacher_id" integer NOT NULL, "created_at" timestamp NOT NULL, "updated_at" timestamp NOT NULL) [0m
  [1m[35mSQL (0.1ms)[0m  INSERT INTO "schema_migrations" ("version") VALUES ($1)  [["version", "20161215224928"]]
  [1m[36m (0.7ms)[0m  [1mCOMMIT[0m
Migrating to CreateReviews (20161215225002)
  [1m[35m (0.2ms)[0m  BEGIN
  [1m[36m (2.2ms)[0m  [1mCREATE TABLE "reviews" ("id" serial primary key, "rating" integer NOT NULL, "body" text NOT NULL, "reviewer_id" integer NOT NULL, "reviewable_type" character varying NOT NULL, "reviewable_id" integer NOT NULL, "created_at" timestamp NOT NULL, "updated_at" timestamp NOT NULL) [0m
  [1m[35mSQL (0.1ms)[0m  INSERT INTO "schema_migrations" ("version") VALUES ($1)  [["version", "20161215225002"]]
  [1m[36m (0.4ms)[0m  [1mCOMMIT[0m
Migrating to DeviseCreateUsers (20161215232358)
  [1m[35m (0.2ms)[0m  BEGIN
  [1m[36m (2.9ms)[0m  [1mCREATE TABLE "users" ("id" serial primary key, "first_name" character varying NOT NULL, "last_name" character varying NOT NULL, "dob" date NOT NULL, "location" character varying, "email" character varying DEFAULT '' NOT NULL, "encrypted_password" character varying DEFAULT '' NOT NULL, "reset_password_token" character varying, "reset_password_sent_at" timestamp, "remember_created_at" timestamp, "sign_in_count" integer DEFAULT 0 NOT NULL, "current_sign_in_at" timestamp, "last_sign_in_at" timestamp, "current_sign_in_ip" inet, "last_sign_in_ip" inet, "created_at" timestamp NOT NULL, "updated_at" timestamp NOT NULL) [0m
  [1m[35m (0.8ms)[0m  CREATE UNIQUE INDEX  "index_users_on_email" ON "users"  ("email")
  [1m[36m (0.7ms)[0m  [1mCREATE UNIQUE INDEX  "index_users_on_reset_password_token" ON "users"  ("reset_password_token")[0m
  [1m[35mSQL (0.9ms)[0m  INSERT INTO "schema_migrations" ("version") VALUES ($1)  [["version", "20161215232358"]]
  [1m[36m (0.5ms)[0m  [1mCOMMIT[0m
  [1m[35mActiveRecord::SchemaMigration Load (0.1ms)[0m  SELECT "schema_migrations".* FROM "schema_migrations"
  [1m[36m (2.0ms)[0m  [1mSELECT t2.oid::regclass::text AS to_table, a1.attname AS column, a2.attname AS primary_key, c.conname AS name, c.confupdtype AS on_update, c.confdeltype AS on_delete
FROM pg_constraint c
JOIN pg_class t1 ON c.conrelid = t1.oid
JOIN pg_class t2 ON c.confrelid = t2.oid
JOIN pg_attribute a1 ON a1.attnum = c.conkey[1] AND a1.attrelid = t1.oid
JOIN pg_attribute a2 ON a2.attnum = c.confkey[1] AND a2.attrelid = t2.oid
JOIN pg_namespace t3 ON c.connamespace = t3.oid
WHERE c.contype = 'f'
  AND t1.relname = 'courses'
  AND t3.nspname = ANY (current_schemas(false))
ORDER BY c.conname
[0m
  [1m[35m (1.5ms)[0m  SELECT t2.oid::regclass::text AS to_table, a1.attname AS column, a2.attname AS primary_key, c.conname AS name, c.confupdtype AS on_update, c.confdeltype AS on_delete
FROM pg_constraint c
JOIN pg_class t1 ON c.conrelid = t1.oid
JOIN pg_class t2 ON c.confrelid = t2.oid
JOIN pg_attribute a1 ON a1.attnum = c.conkey[1] AND a1.attrelid = t1.oid
JOIN pg_attribute a2 ON a2.attnum = c.confkey[1] AND a2.attrelid = t2.oid
JOIN pg_namespace t3 ON c.connamespace = t3.oid
WHERE c.contype = 'f'
  AND t1.relname = 'reviews'
  AND t3.nspname = ANY (current_schemas(false))
ORDER BY c.conname

  [1m[36m (1.5ms)[0m  [1mSELECT t2.oid::regclass::text AS to_table, a1.attname AS column, a2.attname AS primary_key, c.conname AS name, c.confupdtype AS on_update, c.confdeltype AS on_delete
FROM pg_constraint c
JOIN pg_class t1 ON c.conrelid = t1.oid
JOIN pg_class t2 ON c.confrelid = t2.oid
JOIN pg_attribute a1 ON a1.attnum = c.conkey[1] AND a1.attrelid = t1.oid
JOIN pg_attribute a2 ON a2.attnum = c.confkey[1] AND a2.attrelid = t2.oid
JOIN pg_namespace t3 ON c.connamespace = t3.oid
WHERE c.contype = 'f'
  AND t1.relname = 'sessions'
  AND t3.nspname = ANY (current_schemas(false))
ORDER BY c.conname
[0m
  [1m[35m (1.5ms)[0m  SELECT t2.oid::regclass::text AS to_table, a1.attname AS column, a2.attname AS primary_key, c.conname AS name, c.confupdtype AS on_update, c.confdeltype AS on_delete
FROM pg_constraint c
JOIN pg_class t1 ON c.conrelid = t1.oid
JOIN pg_class t2 ON c.confrelid = t2.oid
JOIN pg_attribute a1 ON a1.attnum = c.conkey[1] AND a1.attrelid = t1.oid
JOIN pg_attribute a2 ON a2.attnum = c.confkey[1] AND a2.attrelid = t2.oid
JOIN pg_namespace t3 ON c.connamespace = t3.oid
WHERE c.contype = 'f'
  AND t1.relname = 'users'
  AND t3.nspname = ANY (current_schemas(false))
ORDER BY c.conname

  [1m[36mActiveRecord::SchemaMigration Load (0.3ms)[0m  [1mSELECT "schema_migrations".* FROM "schema_migrations"[0m
  [1m[35mSQL (0.5ms)[0m  DELETE FROM "users"
  [1m[36mSQL (0.3ms)[0m  [1mDELETE FROM "sessions"[0m
  [1m[35mSQL (0.3ms)[0m  DELETE FROM "courses"
  [1m[36mSQL (0.3ms)[0m  [1mDELETE FROM "reviews"[0m
  [1m[35m (0.2ms)[0m  BEGIN
  [1m[36mUser Exists (0.4ms)[0m  [1mSELECT  1 AS one FROM "users" WHERE "users"."email" = 'tae@gmail.com' LIMIT 1[0m
  [1m[35mSQL (0.4ms)[0m  INSERT INTO "users" ("dob", "first_name", "last_name", "email", "encrypted_password", "created_at", "updated_at") VALUES ($1, $2, $3, $4, $5, $6, $7) RETURNING "id"  [["dob", "0002-02-02"], ["first_name", "Tae"], ["last_name", "Yun"], ["email", "tae@gmail.com"], ["encrypted_password", "$2a$11$LEcdGzscfInf052jETAB6u55HZNuIbWIKyQGMkHQvsYwiwj.EEZv2"], ["created_at", "2016-12-16 00:40:51.458278"], ["updated_at", "2016-12-16 00:40:51.458278"]]
  [1m[36m (0.4ms)[0m  [1mCOMMIT[0m
  [1m[35m (0.1ms)[0m  BEGIN
  [1m[36mUser Exists (0.3ms)[0m  [1mSELECT  1 AS one FROM "users" WHERE "users"."email" = 'matt@gmail.com' LIMIT 1[0m
  [1m[35mSQL (0.2ms)[0m  INSERT INTO "users" ("dob", "first_name", "last_name", "email", "encrypted_password", "created_at", "updated_at") VALUES ($1, $2, $3, $4, $5, $6, $7) RETURNING "id"  [["dob", "0002-02-02"], ["first_name", "Matt"], ["last_name", "Dimesky"], ["email", "matt@gmail.com"], ["encrypted_password", "$2a$11$VTd4DOpOaQ3.gO2thmbvkeOAkiNKe/NqE14Gy7jQdSrE.dmI/CkH6"], ["created_at", "2016-12-16 00:40:51.595332"], ["updated_at", "2016-12-16 00:40:51.595332"]]
  [1m[36m (0.5ms)[0m  [1mCOMMIT[0m
  [1m[35m (0.1ms)[0m  BEGIN
  [1m[36mSQL (0.3ms)[0m  [1mINSERT INTO "courses" ("price", "subject", "description", "location", "teacher_id", "created_at", "updated_at") VALUES ($1, $2, $3, $4, $5, $6, $7) RETURNING "id"[0m  [["price", "$300"], ["subject", "computers"], ["description", "They suck"], ["location", "San Diego"], ["teacher_id", 1], ["created_at", "2016-12-16 00:40:51.605982"], ["updated_at", "2016-12-16 00:40:51.605982"]]
  [1m[35m (0.3ms)[0m  COMMIT
  [1m[36m (0.1ms)[0m  [1mBEGIN[0m
  [1m[35mSQL (0.3ms)[0m  INSERT INTO "sessions" ("location", "time", "student_id", "course_id", "created_at", "updated_at") VALUES ($1, $2, $3, $4, $5, $6) RETURNING "id"  [["location", "San Diego"], ["time", "4713-01-01 00:00:00.000000 BC"], ["student_id", 2], ["course_id", 1], ["created_at", "2016-12-16 00:40:51.625426"], ["updated_at", "2016-12-16 00:40:51.625426"]]
  [1m[36m (0.3ms)[0m  [1mCOMMIT[0m
  [1m[36mUser Load (0.7ms)[0m  [1mSELECT  "users".* FROM "users"  ORDER BY "users"."id" DESC LIMIT 1[0m
  [1m[35mUser Load (0.4ms)[0m  SELECT  "users".* FROM "users"  ORDER BY "users"."id" ASC LIMIT 1
  [1m[36mCourse Load (0.3ms)[0m  [1mSELECT  "courses".* FROM "courses"  ORDER BY "courses"."id" ASC LIMIT 1[0m
  [1m[35mUser Load (0.2ms)[0m  SELECT  "users".* FROM "users" WHERE "users"."id" = $1 LIMIT 1  [["id", 1]]
  [1m[36mSession Load (0.3ms)[0m  [1mSELECT  "sessions".* FROM "sessions"  ORDER BY "sessions"."id" ASC LIMIT 1[0m
  [1m[35mSession Load (0.2ms)[0m  SELECT "sessions".* FROM "sessions" WHERE "sessions"."course_id" = $1  [["course_id", 1]]
  [1m[36mCourse Load (0.2ms)[0m  [1mSELECT  "courses".* FROM "courses" WHERE "courses"."id" = $1 LIMIT 1[0m  [["id", 1]]
  [1m[36m (2.8ms)[0m  [1mCREATE TABLE "schema_migrations" ("version" character varying NOT NULL) [0m
  [1m[35m (1.1ms)[0m  CREATE UNIQUE INDEX  "unique_schema_migrations" ON "schema_migrations"  ("version")
  [1m[36mActiveRecord::SchemaMigration Load (0.3ms)[0m  [1mSELECT "schema_migrations".* FROM "schema_migrations"[0m
Migrating to CreateSessions (20161215224920)
  [1m[35m (0.1ms)[0m  BEGIN
  [1m[36m (3.0ms)[0m  [1mCREATE TABLE "sessions" ("id" serial primary key, "location" character varying NOT NULL, "time" timestamp NOT NULL, "course_id" integer NOT NULL, "student_id" integer NOT NULL, "created_at" timestamp NOT NULL, "updated_at" timestamp NOT NULL) [0m
  [1m[35mSQL (0.2ms)[0m  INSERT INTO "schema_migrations" ("version") VALUES ($1)  [["version", "20161215224920"]]
  [1m[36m (0.7ms)[0m  [1mCOMMIT[0m
Migrating to CreateCourses (20161215224928)
  [1m[35m (0.2ms)[0m  BEGIN
  [1m[36m (2.3ms)[0m  [1mCREATE TABLE "courses" ("id" serial primary key, "subject" character varying NOT NULL, "description" text NOT NULL, "location" character varying NOT NULL, "price" character varying NOT NULL, "teacher_id" integer NOT NULL, "created_at" timestamp NOT NULL, "updated_at" timestamp NOT NULL) [0m
  [1m[35mSQL (0.2ms)[0m  INSERT INTO "schema_migrations" ("version") VALUES ($1)  [["version", "20161215224928"]]
  [1m[36m (0.5ms)[0m  [1mCOMMIT[0m
Migrating to CreateReviews (20161215225002)
  [1m[35m (0.2ms)[0m  BEGIN
  [1m[36m (2.3ms)[0m  [1mCREATE TABLE "reviews" ("id" serial primary key, "rating" integer NOT NULL, "body" text NOT NULL, "reviewer_id" integer NOT NULL, "reviewable_type" character varying NOT NULL, "reviewable_id" integer NOT NULL, "created_at" timestamp NOT NULL, "updated_at" timestamp NOT NULL) [0m
  [1m[35mSQL (0.1ms)[0m  INSERT INTO "schema_migrations" ("version") VALUES ($1)  [["version", "20161215225002"]]
  [1m[36m (0.4ms)[0m  [1mCOMMIT[0m
Migrating to DeviseCreateUsers (20161215232358)
  [1m[35m (0.2ms)[0m  BEGIN
  [1m[36m (2.6ms)[0m  [1mCREATE TABLE "users" ("id" serial primary key, "first_name" character varying NOT NULL, "last_name" character varying NOT NULL, "dob" date NOT NULL, "location" character varying, "email" character varying DEFAULT '' NOT NULL, "encrypted_password" character varying DEFAULT '' NOT NULL, "reset_password_token" character varying, "reset_password_sent_at" timestamp, "remember_created_at" timestamp, "sign_in_count" integer DEFAULT 0 NOT NULL, "current_sign_in_at" timestamp, "last_sign_in_at" timestamp, "current_sign_in_ip" inet, "last_sign_in_ip" inet, "created_at" timestamp NOT NULL, "updated_at" timestamp NOT NULL) [0m
  [1m[35m (0.9ms)[0m  CREATE UNIQUE INDEX  "index_users_on_email" ON "users"  ("email")
  [1m[36m (2.4ms)[0m  [1mCREATE UNIQUE INDEX  "index_users_on_reset_password_token" ON "users"  ("reset_password_token")[0m
  [1m[35mSQL (0.2ms)[0m  INSERT INTO "schema_migrations" ("version") VALUES ($1)  [["version", "20161215232358"]]
  [1m[36m (0.5ms)[0m  [1mCOMMIT[0m
Migrating to CreateSessionsStudents (20161216005758)
  [1m[35m (0.2ms)[0m  BEGIN
  [1m[36m (1.6ms)[0m  [1mCREATE TABLE "sessions_students" ("id" serial primary key, "session_id" integer NOT NULL, "student_id" integer NOT NULL, "created_at" timestamp NOT NULL, "updated_at" timestamp NOT NULL) [0m
  [1m[35mSQL (0.1ms)[0m  INSERT INTO "schema_migrations" ("version") VALUES ($1)  [["version", "20161216005758"]]
  [1m[36m (0.5ms)[0m  [1mCOMMIT[0m
  [1m[35mActiveRecord::SchemaMigration Load (0.1ms)[0m  SELECT "schema_migrations".* FROM "schema_migrations"
  [1m[36m (2.2ms)[0m  [1mSELECT t2.oid::regclass::text AS to_table, a1.attname AS column, a2.attname AS primary_key, c.conname AS name, c.confupdtype AS on_update, c.confdeltype AS on_delete
FROM pg_constraint c
JOIN pg_class t1 ON c.conrelid = t1.oid
JOIN pg_class t2 ON c.confrelid = t2.oid
JOIN pg_attribute a1 ON a1.attnum = c.conkey[1] AND a1.attrelid = t1.oid
JOIN pg_attribute a2 ON a2.attnum = c.confkey[1] AND a2.attrelid = t2.oid
JOIN pg_namespace t3 ON c.connamespace = t3.oid
WHERE c.contype = 'f'
  AND t1.relname = 'courses'
  AND t3.nspname = ANY (current_schemas(false))
ORDER BY c.conname
[0m
  [1m[35m (1.8ms)[0m  SELECT t2.oid::regclass::text AS to_table, a1.attname AS column, a2.attname AS primary_key, c.conname AS name, c.confupdtype AS on_update, c.confdeltype AS on_delete
FROM pg_constraint c
JOIN pg_class t1 ON c.conrelid = t1.oid
JOIN pg_class t2 ON c.confrelid = t2.oid
JOIN pg_attribute a1 ON a1.attnum = c.conkey[1] AND a1.attrelid = t1.oid
JOIN pg_attribute a2 ON a2.attnum = c.confkey[1] AND a2.attrelid = t2.oid
JOIN pg_namespace t3 ON c.connamespace = t3.oid
WHERE c.contype = 'f'
  AND t1.relname = 'reviews'
  AND t3.nspname = ANY (current_schemas(false))
ORDER BY c.conname

  [1m[36m (2.5ms)[0m  [1mSELECT t2.oid::regclass::text AS to_table, a1.attname AS column, a2.attname AS primary_key, c.conname AS name, c.confupdtype AS on_update, c.confdeltype AS on_delete
FROM pg_constraint c
JOIN pg_class t1 ON c.conrelid = t1.oid
JOIN pg_class t2 ON c.confrelid = t2.oid
JOIN pg_attribute a1 ON a1.attnum = c.conkey[1] AND a1.attrelid = t1.oid
JOIN pg_attribute a2 ON a2.attnum = c.confkey[1] AND a2.attrelid = t2.oid
JOIN pg_namespace t3 ON c.connamespace = t3.oid
WHERE c.contype = 'f'
  AND t1.relname = 'sessions'
  AND t3.nspname = ANY (current_schemas(false))
ORDER BY c.conname
[0m
  [1m[35m (1.6ms)[0m  SELECT t2.oid::regclass::text AS to_table, a1.attname AS column, a2.attname AS primary_key, c.conname AS name, c.confupdtype AS on_update, c.confdeltype AS on_delete
FROM pg_constraint c
JOIN pg_class t1 ON c.conrelid = t1.oid
JOIN pg_class t2 ON c.confrelid = t2.oid
JOIN pg_attribute a1 ON a1.attnum = c.conkey[1] AND a1.attrelid = t1.oid
JOIN pg_attribute a2 ON a2.attnum = c.confkey[1] AND a2.attrelid = t2.oid
JOIN pg_namespace t3 ON c.connamespace = t3.oid
WHERE c.contype = 'f'
  AND t1.relname = 'sessions_students'
  AND t3.nspname = ANY (current_schemas(false))
ORDER BY c.conname

  [1m[36m (1.6ms)[0m  [1mSELECT t2.oid::regclass::text AS to_table, a1.attname AS column, a2.attname AS primary_key, c.conname AS name, c.confupdtype AS on_update, c.confdeltype AS on_delete
FROM pg_constraint c
JOIN pg_class t1 ON c.conrelid = t1.oid
JOIN pg_class t2 ON c.confrelid = t2.oid
JOIN pg_attribute a1 ON a1.attnum = c.conkey[1] AND a1.attrelid = t1.oid
JOIN pg_attribute a2 ON a2.attnum = c.confkey[1] AND a2.attrelid = t2.oid
JOIN pg_namespace t3 ON c.connamespace = t3.oid
WHERE c.contype = 'f'
  AND t1.relname = 'users'
  AND t3.nspname = ANY (current_schemas(false))
ORDER BY c.conname
[0m
  [1m[36mUser Load (0.9ms)[0m  [1mSELECT  "users".* FROM "users"  ORDER BY "users"."id" ASC LIMIT 1[0m
  [1m[36m (113.2ms)[0m  [1mDROP DATABASE IF EXISTS "final-project-learning-app_development"[0m
  [1m[35m (111.7ms)[0m  DROP DATABASE IF EXISTS "final-project-learning-app_test"
  [1m[36m (259.6ms)[0m  [1mCREATE DATABASE "final-project-learning-app_development" ENCODING = 'unicode'[0m
  [1m[35m (290.7ms)[0m  CREATE DATABASE "final-project-learning-app_test" ENCODING = 'unicode'
  [1m[36mSQL (0.2ms)[0m  [1mCREATE EXTENSION IF NOT EXISTS "plpgsql"[0m
  [1m[35m (29.2ms)[0m  CREATE TABLE "courses" ("id" serial primary key, "subject" character varying NOT NULL, "description" text NOT NULL, "location" character varying NOT NULL, "price" character varying NOT NULL, "teacher_id" integer NOT NULL, "created_at" timestamp NOT NULL, "updated_at" timestamp NOT NULL) 
  [1m[36m (4.4ms)[0m  [1mCREATE TABLE "reviews" ("id" serial primary key, "rating" integer NOT NULL, "body" text NOT NULL, "reviewer_id" integer NOT NULL, "reviewable_type" character varying NOT NULL, "reviewable_id" integer NOT NULL, "created_at" timestamp NOT NULL, "updated_at" timestamp NOT NULL) [0m
  [1m[35m (2.9ms)[0m  CREATE TABLE "sessions" ("id" serial primary key, "location" character varying NOT NULL, "time" timestamp NOT NULL, "course_id" integer NOT NULL, "student_id" integer NOT NULL, "created_at" timestamp NOT NULL, "updated_at" timestamp NOT NULL) 
  [1m[36m (2.0ms)[0m  [1mCREATE TABLE "sessions_students" ("id" serial primary key, "session_id" integer NOT NULL, "student_id" integer NOT NULL, "created_at" timestamp NOT NULL, "updated_at" timestamp NOT NULL) [0m
  [1m[35m (3.4ms)[0m  CREATE TABLE "users" ("id" serial primary key, "first_name" character varying NOT NULL, "last_name" character varying NOT NULL, "dob" date NOT NULL, "location" character varying, "email" character varying DEFAULT '' NOT NULL, "encrypted_password" character varying DEFAULT '' NOT NULL, "reset_password_token" character varying, "reset_password_sent_at" timestamp, "remember_created_at" timestamp, "sign_in_count" integer DEFAULT 0 NOT NULL, "current_sign_in_at" timestamp, "last_sign_in_at" timestamp, "current_sign_in_ip" inet, "last_sign_in_ip" inet, "created_at" timestamp NOT NULL, "updated_at" timestamp NOT NULL) 
  [1m[36m (1.0ms)[0m  [1mCREATE UNIQUE INDEX  "index_users_on_email" ON "users" USING btree ("email")[0m
  [1m[35m (1.2ms)[0m  CREATE UNIQUE INDEX  "index_users_on_reset_password_token" ON "users" USING btree ("reset_password_token")
  [1m[36m (1.9ms)[0m  [1mCREATE TABLE "schema_migrations" ("version" character varying NOT NULL) [0m
  [1m[35m (1.1ms)[0m  CREATE UNIQUE INDEX  "unique_schema_migrations" ON "schema_migrations"  ("version")
  [1m[36m (0.3ms)[0m  [1mSELECT version FROM "schema_migrations"[0m
  [1m[35m (0.7ms)[0m  INSERT INTO "schema_migrations" (version) VALUES ('20161216005758')
  [1m[36m (0.6ms)[0m  [1mINSERT INTO "schema_migrations" (version) VALUES ('20161215224920')[0m
  [1m[35m (0.6ms)[0m  INSERT INTO "schema_migrations" (version) VALUES ('20161215224928')
  [1m[36m (0.5ms)[0m  [1mINSERT INTO "schema_migrations" (version) VALUES ('20161215225002')[0m
  [1m[35m (0.4ms)[0m  INSERT INTO "schema_migrations" (version) VALUES ('20161215232358')
  [1m[36mSQL (0.2ms)[0m  [1mCREATE EXTENSION IF NOT EXISTS "plpgsql"[0m
  [1m[35m (5.0ms)[0m  CREATE TABLE "courses" ("id" serial primary key, "subject" character varying NOT NULL, "description" text NOT NULL, "location" character varying NOT NULL, "price" character varying NOT NULL, "teacher_id" integer NOT NULL, "created_at" timestamp NOT NULL, "updated_at" timestamp NOT NULL) 
  [1m[36m (2.8ms)[0m  [1mCREATE TABLE "reviews" ("id" serial primary key, "rating" integer NOT NULL, "body" text NOT NULL, "reviewer_id" integer NOT NULL, "reviewable_type" character varying NOT NULL, "reviewable_id" integer NOT NULL, "created_at" timestamp NOT NULL, "updated_at" timestamp NOT NULL) [0m
  [1m[35m (3.7ms)[0m  CREATE TABLE "sessions" ("id" serial primary key, "location" character varying NOT NULL, "time" timestamp NOT NULL, "course_id" integer NOT NULL, "student_id" integer NOT NULL, "created_at" timestamp NOT NULL, "updated_at" timestamp NOT NULL) 
  [1m[36m (1.9ms)[0m  [1mCREATE TABLE "sessions_students" ("id" serial primary key, "session_id" integer NOT NULL, "student_id" integer NOT NULL, "created_at" timestamp NOT NULL, "updated_at" timestamp NOT NULL) [0m
  [1m[35m (3.4ms)[0m  CREATE TABLE "users" ("id" serial primary key, "first_name" character varying NOT NULL, "last_name" character varying NOT NULL, "dob" date NOT NULL, "location" character varying, "email" character varying DEFAULT '' NOT NULL, "encrypted_password" character varying DEFAULT '' NOT NULL, "reset_password_token" character varying, "reset_password_sent_at" timestamp, "remember_created_at" timestamp, "sign_in_count" integer DEFAULT 0 NOT NULL, "current_sign_in_at" timestamp, "last_sign_in_at" timestamp, "current_sign_in_ip" inet, "last_sign_in_ip" inet, "created_at" timestamp NOT NULL, "updated_at" timestamp NOT NULL) 
  [1m[36m (1.1ms)[0m  [1mCREATE UNIQUE INDEX  "index_users_on_email" ON "users" USING btree ("email")[0m
  [1m[35m (2.3ms)[0m  CREATE UNIQUE INDEX  "index_users_on_reset_password_token" ON "users" USING btree ("reset_password_token")
  [1m[36m (1.5ms)[0m  [1mCREATE TABLE "schema_migrations" ("version" character varying NOT NULL) [0m
  [1m[35m (0.9ms)[0m  CREATE UNIQUE INDEX  "unique_schema_migrations" ON "schema_migrations"  ("version")
  [1m[36m (0.3ms)[0m  [1mSELECT version FROM "schema_migrations"[0m
  [1m[35m (0.4ms)[0m  INSERT INTO "schema_migrations" (version) VALUES ('20161216005758')
  [1m[36m (0.3ms)[0m  [1mINSERT INTO "schema_migrations" (version) VALUES ('20161215224920')[0m
  [1m[35m (0.5ms)[0m  INSERT INTO "schema_migrations" (version) VALUES ('20161215224928')
  [1m[36m (0.5ms)[0m  [1mINSERT INTO "schema_migrations" (version) VALUES ('20161215225002')[0m
  [1m[35m (0.4ms)[0m  INSERT INTO "schema_migrations" (version) VALUES ('20161215232358')
  [1m[36mActiveRecord::SchemaMigration Load (0.3ms)[0m  [1mSELECT "schema_migrations".* FROM "schema_migrations"[0m
  [1m[35mSQL (0.4ms)[0m  DELETE FROM "users"
  [1m[36mSQL (0.6ms)[0m  [1mDELETE FROM "sessions"[0m
  [1m[36m (113.3ms)[0m  [1mDROP DATABASE IF EXISTS "final-project-learning-app_development"[0m
  [1m[35m (113.3ms)[0m  DROP DATABASE IF EXISTS "final-project-learning-app_test"
  [1m[36m (265.4ms)[0m  [1mCREATE DATABASE "final-project-learning-app_development" ENCODING = 'unicode'[0m
  [1m[35m (264.1ms)[0m  CREATE DATABASE "final-project-learning-app_test" ENCODING = 'unicode'
  [1m[36mSQL (0.4ms)[0m  [1mCREATE EXTENSION IF NOT EXISTS "plpgsql"[0m
  [1m[35m (4.5ms)[0m  CREATE TABLE "courses" ("id" serial primary key, "subject" character varying NOT NULL, "description" text NOT NULL, "location" character varying NOT NULL, "price" character varying NOT NULL, "teacher_id" integer NOT NULL, "created_at" timestamp NOT NULL, "updated_at" timestamp NOT NULL) 
  [1m[36m (3.5ms)[0m  [1mCREATE TABLE "reviews" ("id" serial primary key, "rating" integer NOT NULL, "body" text NOT NULL, "reviewer_id" integer NOT NULL, "reviewable_type" character varying NOT NULL, "reviewable_id" integer NOT NULL, "created_at" timestamp NOT NULL, "updated_at" timestamp NOT NULL) [0m
  [1m[35m (3.6ms)[0m  CREATE TABLE "sessions" ("id" serial primary key, "location" character varying NOT NULL, "time" timestamp NOT NULL, "course_id" integer NOT NULL, "student_id" integer NOT NULL, "created_at" timestamp NOT NULL, "updated_at" timestamp NOT NULL) 
  [1m[36m (2.5ms)[0m  [1mCREATE TABLE "sessions_students" ("id" serial primary key, "session_id" integer NOT NULL, "student_id" integer NOT NULL, "created_at" timestamp NOT NULL, "updated_at" timestamp NOT NULL) [0m
  [1m[35m (5.4ms)[0m  CREATE TABLE "users" ("id" serial primary key, "first_name" character varying NOT NULL, "last_name" character varying NOT NULL, "dob" date NOT NULL, "location" character varying, "email" character varying DEFAULT '' NOT NULL, "encrypted_password" character varying DEFAULT '' NOT NULL, "reset_password_token" character varying, "reset_password_sent_at" timestamp, "remember_created_at" timestamp, "sign_in_count" integer DEFAULT 0 NOT NULL, "current_sign_in_at" timestamp, "last_sign_in_at" timestamp, "current_sign_in_ip" inet, "last_sign_in_ip" inet, "created_at" timestamp NOT NULL, "updated_at" timestamp NOT NULL) 
  [1m[36m (1.1ms)[0m  [1mCREATE UNIQUE INDEX  "index_users_on_email" ON "users" USING btree ("email")[0m
  [1m[35m (1.1ms)[0m  CREATE UNIQUE INDEX  "index_users_on_reset_password_token" ON "users" USING btree ("reset_password_token")
  [1m[36m (1.5ms)[0m  [1mCREATE TABLE "schema_migrations" ("version" character varying NOT NULL) [0m
  [1m[35m (1.1ms)[0m  CREATE UNIQUE INDEX  "unique_schema_migrations" ON "schema_migrations"  ("version")
  [1m[36m (0.3ms)[0m  [1mSELECT version FROM "schema_migrations"[0m
  [1m[35m (0.6ms)[0m  INSERT INTO "schema_migrations" (version) VALUES ('20161216005758')
  [1m[36m (0.5ms)[0m  [1mINSERT INTO "schema_migrations" (version) VALUES ('20161215224920')[0m
  [1m[35m (0.4ms)[0m  INSERT INTO "schema_migrations" (version) VALUES ('20161215224928')
  [1m[36m (0.4ms)[0m  [1mINSERT INTO "schema_migrations" (version) VALUES ('20161215225002')[0m
  [1m[35m (0.4ms)[0m  INSERT INTO "schema_migrations" (version) VALUES ('20161215232358')
  [1m[36mSQL (0.4ms)[0m  [1mCREATE EXTENSION IF NOT EXISTS "plpgsql"[0m
  [1m[35m (4.4ms)[0m  CREATE TABLE "courses" ("id" serial primary key, "subject" character varying NOT NULL, "description" text NOT NULL, "location" character varying NOT NULL, "price" character varying NOT NULL, "teacher_id" integer NOT NULL, "created_at" timestamp NOT NULL, "updated_at" timestamp NOT NULL) 
  [1m[36m (3.2ms)[0m  [1mCREATE TABLE "reviews" ("id" serial primary key, "rating" integer NOT NULL, "body" text NOT NULL, "reviewer_id" integer NOT NULL, "reviewable_type" character varying NOT NULL, "reviewable_id" integer NOT NULL, "created_at" timestamp NOT NULL, "updated_at" timestamp NOT NULL) [0m
  [1m[35m (3.2ms)[0m  CREATE TABLE "sessions" ("id" serial primary key, "location" character varying NOT NULL, "time" timestamp NOT NULL, "course_id" integer NOT NULL, "student_id" integer NOT NULL, "created_at" timestamp NOT NULL, "updated_at" timestamp NOT NULL) 
  [1m[36m (2.7ms)[0m  [1mCREATE TABLE "sessions_students" ("id" serial primary key, "session_id" integer NOT NULL, "student_id" integer NOT NULL, "created_at" timestamp NOT NULL, "updated_at" timestamp NOT NULL) [0m
  [1m[35m (3.8ms)[0m  CREATE TABLE "users" ("id" serial primary key, "first_name" character varying NOT NULL, "last_name" character varying NOT NULL, "dob" date NOT NULL, "location" character varying, "email" character varying DEFAULT '' NOT NULL, "encrypted_password" character varying DEFAULT '' NOT NULL, "reset_password_token" character varying, "reset_password_sent_at" timestamp, "remember_created_at" timestamp, "sign_in_count" integer DEFAULT 0 NOT NULL, "current_sign_in_at" timestamp, "last_sign_in_at" timestamp, "current_sign_in_ip" inet, "last_sign_in_ip" inet, "created_at" timestamp NOT NULL, "updated_at" timestamp NOT NULL) 
  [1m[36m (1.1ms)[0m  [1mCREATE UNIQUE INDEX  "index_users_on_email" ON "users" USING btree ("email")[0m
  [1m[35m (1.7ms)[0m  CREATE UNIQUE INDEX  "index_users_on_reset_password_token" ON "users" USING btree ("reset_password_token")
  [1m[36m (1.5ms)[0m  [1mCREATE TABLE "schema_migrations" ("version" character varying NOT NULL) [0m
  [1m[35m (1.3ms)[0m  CREATE UNIQUE INDEX  "unique_schema_migrations" ON "schema_migrations"  ("version")
  [1m[36m (0.4ms)[0m  [1mSELECT version FROM "schema_migrations"[0m
  [1m[35m (0.5ms)[0m  INSERT INTO "schema_migrations" (version) VALUES ('20161216005758')
  [1m[36m (0.3ms)[0m  [1mINSERT INTO "schema_migrations" (version) VALUES ('20161215224920')[0m
  [1m[35m (0.4ms)[0m  INSERT INTO "schema_migrations" (version) VALUES ('20161215224928')
  [1m[36m (0.4ms)[0m  [1mINSERT INTO "schema_migrations" (version) VALUES ('20161215225002')[0m
  [1m[35m (0.5ms)[0m  INSERT INTO "schema_migrations" (version) VALUES ('20161215232358')
  [1m[36mActiveRecord::SchemaMigration Load (0.3ms)[0m  [1mSELECT "schema_migrations".* FROM "schema_migrations"[0m
  [1m[35mSQL (0.4ms)[0m  DELETE FROM "users"
  [1m[36mSQL (0.7ms)[0m  [1mDELETE FROM "sessions"[0m
  [1m[35mSQL (1.3ms)[0m  DELETE FROM "courses"
  [1m[36mSQL (0.4ms)[0m  [1mDELETE FROM "reviews"[0m
  [1m[35m (0.1ms)[0m  BEGIN
  [1m[36mUser Exists (0.4ms)[0m  [1mSELECT  1 AS one FROM "users" WHERE "users"."email" = 'tae@gmail.com' LIMIT 1[0m
  [1m[35mSQL (0.3ms)[0m  INSERT INTO "users" ("dob", "first_name", "last_name", "email", "encrypted_password", "created_at", "updated_at") VALUES ($1, $2, $3, $4, $5, $6, $7) RETURNING "id"  [["dob", "0002-02-02"], ["first_name", "Tae"], ["last_name", "Yun"], ["email", "tae@gmail.com"], ["encrypted_password", "$2a$11$z6qNm4y9kBJlDXnk307EA.Xg/IeaBo4SmHLi721GgrZJfOHdMUOO2"], ["created_at", "2016-12-16 01:35:50.729075"], ["updated_at", "2016-12-16 01:35:50.729075"]]
  [1m[36m (0.5ms)[0m  [1mCOMMIT[0m
  [1m[35m (0.1ms)[0m  BEGIN
  [1m[36mUser Exists (0.3ms)[0m  [1mSELECT  1 AS one FROM "users" WHERE "users"."email" = 'matt@gmail.com' LIMIT 1[0m
  [1m[35mSQL (0.2ms)[0m  INSERT INTO "users" ("dob", "first_name", "last_name", "email", "encrypted_password", "created_at", "updated_at") VALUES ($1, $2, $3, $4, $5, $6, $7) RETURNING "id"  [["dob", "0002-02-02"], ["first_name", "Matt"], ["last_name", "Dimesky"], ["email", "matt@gmail.com"], ["encrypted_password", "$2a$11$jRCrisdKqtbSPdwgm8nE2.E8QdIpRrC3eAKCXWMQKerh3Ff0Q4CG2"], ["created_at", "2016-12-16 01:35:50.865528"], ["updated_at", "2016-12-16 01:35:50.865528"]]
  [1m[36m (0.5ms)[0m  [1mCOMMIT[0m
  [1m[35m (0.1ms)[0m  BEGIN
  [1m[36mSQL (0.3ms)[0m  [1mINSERT INTO "courses" ("price", "subject", "description", "location", "teacher_id", "created_at", "updated_at") VALUES ($1, $2, $3, $4, $5, $6, $7) RETURNING "id"[0m  [["price", "$300"], ["subject", "computers"], ["description", "They suck"], ["location", "San Diego"], ["teacher_id", 1], ["created_at", "2016-12-16 01:35:50.875839"], ["updated_at", "2016-12-16 01:35:50.875839"]]
  [1m[35m (0.3ms)[0m  COMMIT
  [1m[36m (0.1ms)[0m  [1mBEGIN[0m
  [1m[35mSQL (0.3ms)[0m  INSERT INTO "sessions" ("location", "time", "student_id", "course_id", "created_at", "updated_at") VALUES ($1, $2, $3, $4, $5, $6) RETURNING "id"  [["location", "San Diego"], ["time", "4713-01-01 00:00:00.000000 BC"], ["student_id", 2], ["course_id", 1], ["created_at", "2016-12-16 01:35:50.889742"], ["updated_at", "2016-12-16 01:35:50.889742"]]
  [1m[36m (0.3ms)[0m  [1mCOMMIT[0m
  [1m[36mActiveRecord::SchemaMigration Load (0.3ms)[0m  [1mSELECT "schema_migrations".* FROM "schema_migrations"[0m
  [1m[35mSQL (0.8ms)[0m  DELETE FROM "users"
  [1m[36mSQL (0.6ms)[0m  [1mDELETE FROM "sessions"[0m
  [1m[35mSQL (0.6ms)[0m  DELETE FROM "courses"
  [1m[36mSQL (0.3ms)[0m  [1mDELETE FROM "reviews"[0m
  [1m[35m (0.1ms)[0m  BEGIN
  [1m[36mUser Exists (0.4ms)[0m  [1mSELECT  1 AS one FROM "users" WHERE "users"."email" = 'tae@gmail.com' LIMIT 1[0m
  [1m[35mSQL (0.2ms)[0m  INSERT INTO "users" ("dob", "first_name", "last_name", "email", "encrypted_password", "created_at", "updated_at") VALUES ($1, $2, $3, $4, $5, $6, $7) RETURNING "id"  [["dob", "0002-02-02"], ["first_name", "Tae"], ["last_name", "Yun"], ["email", "tae@gmail.com"], ["encrypted_password", "$2a$11$uDCR53LIqR.jmACZp/x/S.e2TguHFL5M5lDciLcXFVDJ8Jx2kCZKi"], ["created_at", "2016-12-16 01:36:04.675539"], ["updated_at", "2016-12-16 01:36:04.675539"]]
  [1m[36m (0.5ms)[0m  [1mCOMMIT[0m
  [1m[35m (0.1ms)[0m  BEGIN
  [1m[36mUser Exists (0.2ms)[0m  [1mSELECT  1 AS one FROM "users" WHERE "users"."email" = 'matt@gmail.com' LIMIT 1[0m
  [1m[35mSQL (0.2ms)[0m  INSERT INTO "users" ("dob", "first_name", "last_name", "email", "encrypted_password", "created_at", "updated_at") VALUES ($1, $2, $3, $4, $5, $6, $7) RETURNING "id"  [["dob", "0002-02-02"], ["first_name", "Matt"], ["last_name", "Dimesky"], ["email", "matt@gmail.com"], ["encrypted_password", "$2a$11$UONQe8x/sQAW7e1mFGDXgencGprLD1tQZ9Q.mc1d4duopNQNoVgii"], ["created_at", "2016-12-16 01:36:04.812338"], ["updated_at", "2016-12-16 01:36:04.812338"]]
  [1m[36m (0.3ms)[0m  [1mCOMMIT[0m
  [1m[35m (0.2ms)[0m  BEGIN
  [1m[36mSQL (0.2ms)[0m  [1mINSERT INTO "courses" ("price", "subject", "description", "location", "teacher_id", "created_at", "updated_at") VALUES ($1, $2, $3, $4, $5, $6, $7) RETURNING "id"[0m  [["price", "$300"], ["subject", "computers"], ["description", "They suck"], ["location", "San Diego"], ["teacher_id", 3], ["created_at", "2016-12-16 01:36:04.823117"], ["updated_at", "2016-12-16 01:36:04.823117"]]
  [1m[35m (0.3ms)[0m  COMMIT
  [1m[36m (0.1ms)[0m  [1mBEGIN[0m
  [1m[35mSQL (0.2ms)[0m  INSERT INTO "sessions" ("location", "time", "student_id", "course_id", "created_at", "updated_at") VALUES ($1, $2, $3, $4, $5, $6) RETURNING "id"  [["location", "San Diego"], ["time", "4713-01-01 00:00:00.000000 BC"], ["student_id", 4], ["course_id", 2], ["created_at", "2016-12-16 01:36:04.842298"], ["updated_at", "2016-12-16 01:36:04.842298"]]
  [1m[36m (0.3ms)[0m  [1mCOMMIT[0m
  [1m[36mUser Load (0.7ms)[0m  [1mSELECT  "users".* FROM "users"  ORDER BY "users"."id" ASC LIMIT 1[0m
  [1m[35mUser Load (0.4ms)[0m  SELECT  "users".* FROM "users"  ORDER BY "users"."id" ASC LIMIT 1
  [1m[36mCourse Load (1.5ms)[0m  [1mSELECT "courses".* FROM "courses" WHERE "courses"."teacher_id" = $1[0m  [["teacher_id", 3]]
  [1m[35mCourse Load (0.4ms)[0m  SELECT  "courses".* FROM "courses"  ORDER BY "courses"."id" ASC LIMIT 1
  [1m[36mCourse Load (0.4ms)[0m  [1mSELECT  "courses".* FROM "courses"  ORDER BY "courses"."id" ASC LIMIT 1[0m
  [1m[35mSession Load (0.2ms)[0m  SELECT "sessions".* FROM "sessions" WHERE "sessions"."course_id" = $1  [["course_id", 2]]
  [1m[36mCourse Load (0.3ms)[0m  [1mSELECT  "courses".* FROM "courses"  ORDER BY "courses"."id" ASC LIMIT 1[0m
  [1m[35mSession Load (0.2ms)[0m  SELECT "sessions".* FROM "sessions" WHERE "sessions"."course_id" = $1  [["course_id", 2]]
  [1m[36mSession Load (0.3ms)[0m  [1mSELECT  "sessions".* FROM "sessions"  ORDER BY "sessions"."id" ASC LIMIT 1[0m
  [1m[35mSession Load (0.4ms)[0m  SELECT  "sessions".* FROM "sessions"  ORDER BY "sessions"."id" ASC LIMIT 1
  [1m[36mSession Load (0.3ms)[0m  [1mSELECT  "sessions".* FROM "sessions"  ORDER BY "sessions"."id" ASC LIMIT 1[0m
  [1m[35mSession Load (0.3ms)[0m  SELECT  "sessions".* FROM "sessions"  ORDER BY "sessions"."id" ASC LIMIT 1
  [1m[36mSession Load (0.3ms)[0m  [1mSELECT  "sessions".* FROM "sessions"  ORDER BY "sessions"."id" ASC LIMIT 1[0m
  [1m[35mCourse Load (0.2ms)[0m  SELECT  "courses".* FROM "courses" WHERE "courses"."id" = $1 LIMIT 1  [["id", 2]]
  [1m[36mSession Load (0.4ms)[0m  [1mSELECT  "sessions".* FROM "sessions"  ORDER BY "sessions"."id" ASC LIMIT 1[0m
  [1m[35mUser Load (0.4ms)[0m  SELECT  "users".* FROM "users"  ORDER BY "users"."id" DESC LIMIT 1
  [1m[36mUser Load (0.3ms)[0m  [1mSELECT  "users".* FROM "users"  ORDER BY "users"."id" DESC LIMIT 1[0m
  [1m[35mCourse Load (0.3ms)[0m  SELECT  "courses".* FROM "courses"  ORDER BY "courses"."id" ASC LIMIT 1
  [1m[36mUser Load (0.7ms)[0m  [1mSELECT  "users".* FROM "users"  ORDER BY "users"."id" DESC LIMIT 1[0m
  [1m[36mUser Load (0.7ms)[0m  [1mSELECT  "users".* FROM "users"  ORDER BY "users"."id" DESC LIMIT 1[0m
  [1m[36mUser Load (0.7ms)[0m  [1mSELECT  "users".* FROM "users"  ORDER BY "users"."id" DESC LIMIT 1[0m
  [1m[35mUser Load (0.5ms)[0m  SELECT  "users".* FROM "users"  ORDER BY "users"."id" DESC LIMIT 1
  [1m[36mCourse Load (0.3ms)[0m  [1mSELECT "courses".* FROM "courses" WHERE "courses"."teacher_id" = $1[0m  [["teacher_id", 4]]
  [1m[35mUser Load (0.4ms)[0m  SELECT  "users".* FROM "users"  ORDER BY "users"."id" DESC LIMIT 1
  [1m[36mUser Load (0.7ms)[0m  [1mSELECT  "users".* FROM "users"  ORDER BY "users"."id" DESC LIMIT 1[0m
  [1m[35mSession Load (0.4ms)[0m  SELECT  "sessions".* FROM "sessions"  ORDER BY "sessions"."id" ASC LIMIT 1
  [1m[36mSession Load (0.4ms)[0m  [1mSELECT  "sessions".* FROM "sessions"  ORDER BY "sessions"."id" ASC LIMIT 1[0m
  [1m[35mSession Load (0.3ms)[0m  SELECT  "sessions".* FROM "sessions"  ORDER BY "sessions"."id" ASC LIMIT 1
  [1m[36mSession Load (0.6ms)[0m  [1mSELECT  "sessions".* FROM "sessions"  ORDER BY "sessions"."id" ASC LIMIT 1[0m
  [1m[36mSession Load (0.7ms)[0m  [1mSELECT  "sessions".* FROM "sessions"  ORDER BY "sessions"."id" ASC LIMIT 1[0m
  [1m[35mUser Load (0.5ms)[0m  SELECT  "users".* FROM "users"  ORDER BY "users"."id" DESC LIMIT 1
  [1m[36mSessionsStudents Load (0.4ms)[0m  [1mSELECT "sessions_students".* FROM "sessions_students"[0m
  [1m[36mUser Load (0.7ms)[0m  [1mSELECT  "users".* FROM "users"  ORDER BY "users"."id" ASC LIMIT 1[0m
  [1m[36mUser Load (0.7ms)[0m  [1mSELECT  "users".* FROM "users"  ORDER BY "users"."id" ASC LIMIT 1[0m
  [1m[36mUser Load (0.7ms)[0m  [1mSELECT  "users".* FROM "users"  ORDER BY "users"."id" ASC LIMIT 1[0m
  [1m[35mSession Load (0.4ms)[0m  SELECT "sessions".* FROM "sessions" INNER JOIN "sessions_students" ON "sessions"."id" = "sessions_students"."session_id" WHERE "sessions_students"."student_id" = $1  [["student_id", 3]]
  [1m[36mUser Load (0.4ms)[0m  [1mSELECT  "users".* FROM "users"  ORDER BY "users"."id" DESC LIMIT 1[0m
  [1m[35mSession Load (0.2ms)[0m  SELECT "sessions".* FROM "sessions" INNER JOIN "sessions_students" ON "sessions"."id" = "sessions_students"."session_id" WHERE "sessions_students"."student_id" = $1  [["student_id", 4]]
  [1m[36mSession Load (0.3ms)[0m  [1mSELECT "sessions".* FROM "sessions"[0m
  [1m[36mActiveRecord::SchemaMigration Load (0.3ms)[0m  [1mSELECT "schema_migrations".* FROM "schema_migrations"[0m
  [1m[35mSQL (0.9ms)[0m  DELETE FROM "users"
  [1m[36mSQL (0.6ms)[0m  [1mDELETE FROM "sessions"[0m
  [1m[35mSQL (0.6ms)[0m  DELETE FROM "courses"
  [1m[36mSQL (0.3ms)[0m  [1mDELETE FROM "reviews"[0m
  [1m[35m (0.1ms)[0m  BEGIN
  [1m[36mUser Exists (0.4ms)[0m  [1mSELECT  1 AS one FROM "users" WHERE "users"."email" = 'tae@gmail.com' LIMIT 1[0m
  [1m[35mSQL (0.3ms)[0m  INSERT INTO "users" ("dob", "first_name", "last_name", "email", "encrypted_password", "created_at", "updated_at") VALUES ($1, $2, $3, $4, $5, $6, $7) RETURNING "id"  [["dob", "0002-02-02"], ["first_name", "Tae"], ["last_name", "Yun"], ["email", "tae@gmail.com"], ["encrypted_password", "$2a$11$eS.mLnCtUYDaYwsad30azOILxe3E9rSGGvmyulMx/BcVA.yqW1zxu"], ["created_at", "2016-12-16 01:59:02.531076"], ["updated_at", "2016-12-16 01:59:02.531076"]]
  [1m[36m (0.5ms)[0m  [1mCOMMIT[0m
  [1m[35m (0.1ms)[0m  BEGIN
  [1m[36mUser Exists (0.3ms)[0m  [1mSELECT  1 AS one FROM "users" WHERE "users"."email" = 'matt@gmail.com' LIMIT 1[0m
  [1m[35mSQL (0.2ms)[0m  INSERT INTO "users" ("dob", "first_name", "last_name", "email", "encrypted_password", "created_at", "updated_at") VALUES ($1, $2, $3, $4, $5, $6, $7) RETURNING "id"  [["dob", "0002-02-02"], ["first_name", "Matt"], ["last_name", "Dimesky"], ["email", "matt@gmail.com"], ["encrypted_password", "$2a$11$.O.ddMR9wuavHYCzVOjTSeP9VD/Q6dxXHtMmPU44iNDIuoBSUOwsy"], ["created_at", "2016-12-16 01:59:02.668594"], ["updated_at", "2016-12-16 01:59:02.668594"]]
  [1m[36m (0.5ms)[0m  [1mCOMMIT[0m
  [1m[35m (0.1ms)[0m  BEGIN
  [1m[36mSQL (0.2ms)[0m  [1mINSERT INTO "courses" ("price", "subject", "description", "location", "teacher_id", "created_at", "updated_at") VALUES ($1, $2, $3, $4, $5, $6, $7) RETURNING "id"[0m  [["price", "$300"], ["subject", "computers"], ["description", "They suck"], ["location", "San Diego"], ["teacher_id", 5], ["created_at", "2016-12-16 01:59:02.679972"], ["updated_at", "2016-12-16 01:59:02.679972"]]
  [1m[35m (0.3ms)[0m  COMMIT
  [1m[36m (0.1ms)[0m  [1mBEGIN[0m
  [1m[35mSQL (0.6ms)[0m  INSERT INTO "sessions" ("location", "time", "course_id", "created_at", "updated_at") VALUES ($1, $2, $3, $4, $5) RETURNING "id"  [["location", "San Diego"], ["time", "4713-01-01 00:00:00.000000 BC"], ["course_id", 3], ["created_at", "2016-12-16 01:59:02.710662"], ["updated_at", "2016-12-16 01:59:02.710662"]]
PG::NotNullViolation: ERROR:  null value in column "student_id" violates not-null constraint
DETAIL:  Failing row contains (3, San Diego, 4713-01-01 00:00:00 BC, 3, null, 2016-12-16 01:59:02.710662, 2016-12-16 01:59:02.710662).
: INSERT INTO "sessions" ("location", "time", "course_id", "created_at", "updated_at") VALUES ($1, $2, $3, $4, $5) RETURNING "id"
  [1m[36m (0.1ms)[0m  [1mROLLBACK[0m
  [1m[36m (112.9ms)[0m  [1mDROP DATABASE IF EXISTS "final-project-learning-app_development"[0m
  [1m[35m (113.7ms)[0m  DROP DATABASE IF EXISTS "final-project-learning-app_test"
  [1m[36m (277.1ms)[0m  [1mCREATE DATABASE "final-project-learning-app_development" ENCODING = 'unicode'[0m
  [1m[35m (251.6ms)[0m  CREATE DATABASE "final-project-learning-app_test" ENCODING = 'unicode'
  [1m[36mSQL (0.3ms)[0m  [1mCREATE EXTENSION IF NOT EXISTS "plpgsql"[0m
  [1m[35m (4.6ms)[0m  CREATE TABLE "courses" ("id" serial primary key, "subject" character varying NOT NULL, "description" text NOT NULL, "location" character varying NOT NULL, "price" character varying NOT NULL, "teacher_id" integer NOT NULL, "created_at" timestamp NOT NULL, "updated_at" timestamp NOT NULL) 
  [1m[36m (3.4ms)[0m  [1mCREATE TABLE "reviews" ("id" serial primary key, "rating" integer NOT NULL, "body" text NOT NULL, "reviewer_id" integer NOT NULL, "reviewable_type" character varying NOT NULL, "reviewable_id" integer NOT NULL, "created_at" timestamp NOT NULL, "updated_at" timestamp NOT NULL) [0m
  [1m[35m (2.7ms)[0m  CREATE TABLE "sessions" ("id" serial primary key, "location" character varying NOT NULL, "time" timestamp NOT NULL, "course_id" integer NOT NULL, "student_id" integer NOT NULL, "created_at" timestamp NOT NULL, "updated_at" timestamp NOT NULL) 
  [1m[36m (2.1ms)[0m  [1mCREATE TABLE "sessions_students" ("id" serial primary key, "session_id" integer NOT NULL, "student_id" integer NOT NULL, "created_at" timestamp NOT NULL, "updated_at" timestamp NOT NULL) [0m
  [1m[35m (3.3ms)[0m  CREATE TABLE "users" ("id" serial primary key, "first_name" character varying NOT NULL, "last_name" character varying NOT NULL, "dob" date NOT NULL, "location" character varying, "email" character varying DEFAULT '' NOT NULL, "encrypted_password" character varying DEFAULT '' NOT NULL, "reset_password_token" character varying, "reset_password_sent_at" timestamp, "remember_created_at" timestamp, "sign_in_count" integer DEFAULT 0 NOT NULL, "current_sign_in_at" timestamp, "last_sign_in_at" timestamp, "current_sign_in_ip" inet, "last_sign_in_ip" inet, "created_at" timestamp NOT NULL, "updated_at" timestamp NOT NULL) 
  [1m[36m (1.0ms)[0m  [1mCREATE UNIQUE INDEX  "index_users_on_email" ON "users" USING btree ("email")[0m
  [1m[35m (1.6ms)[0m  CREATE UNIQUE INDEX  "index_users_on_reset_password_token" ON "users" USING btree ("reset_password_token")
  [1m[36m (1.9ms)[0m  [1mCREATE TABLE "schema_migrations" ("version" character varying NOT NULL) [0m
  [1m[35m (1.2ms)[0m  CREATE UNIQUE INDEX  "unique_schema_migrations" ON "schema_migrations"  ("version")
  [1m[36m (0.4ms)[0m  [1mSELECT version FROM "schema_migrations"[0m
  [1m[35m (0.4ms)[0m  INSERT INTO "schema_migrations" (version) VALUES ('20161216005758')
  [1m[36m (0.4ms)[0m  [1mINSERT INTO "schema_migrations" (version) VALUES ('20161215224920')[0m
  [1m[35m (0.3ms)[0m  INSERT INTO "schema_migrations" (version) VALUES ('20161215224928')
  [1m[36m (0.3ms)[0m  [1mINSERT INTO "schema_migrations" (version) VALUES ('20161215225002')[0m
  [1m[35m (0.5ms)[0m  INSERT INTO "schema_migrations" (version) VALUES ('20161215232358')
  [1m[36mSQL (1.0ms)[0m  [1mCREATE EXTENSION IF NOT EXISTS "plpgsql"[0m
  [1m[35m (4.5ms)[0m  CREATE TABLE "courses" ("id" serial primary key, "subject" character varying NOT NULL, "description" text NOT NULL, "location" character varying NOT NULL, "price" character varying NOT NULL, "teacher_id" integer NOT NULL, "created_at" timestamp NOT NULL, "updated_at" timestamp NOT NULL) 
  [1m[36m (3.0ms)[0m  [1mCREATE TABLE "reviews" ("id" serial primary key, "rating" integer NOT NULL, "body" text NOT NULL, "reviewer_id" integer NOT NULL, "reviewable_type" character varying NOT NULL, "reviewable_id" integer NOT NULL, "created_at" timestamp NOT NULL, "updated_at" timestamp NOT NULL) [0m
  [1m[35m (4.2ms)[0m  CREATE TABLE "sessions" ("id" serial primary key, "location" character varying NOT NULL, "time" timestamp NOT NULL, "course_id" integer NOT NULL, "student_id" integer NOT NULL, "created_at" timestamp NOT NULL, "updated_at" timestamp NOT NULL) 
  [1m[36m (2.7ms)[0m  [1mCREATE TABLE "sessions_students" ("id" serial primary key, "session_id" integer NOT NULL, "student_id" integer NOT NULL, "created_at" timestamp NOT NULL, "updated_at" timestamp NOT NULL) [0m
  [1m[35m (3.3ms)[0m  CREATE TABLE "users" ("id" serial primary key, "first_name" character varying NOT NULL, "last_name" character varying NOT NULL, "dob" date NOT NULL, "location" character varying, "email" character varying DEFAULT '' NOT NULL, "encrypted_password" character varying DEFAULT '' NOT NULL, "reset_password_token" character varying, "reset_password_sent_at" timestamp, "remember_created_at" timestamp, "sign_in_count" integer DEFAULT 0 NOT NULL, "current_sign_in_at" timestamp, "last_sign_in_at" timestamp, "current_sign_in_ip" inet, "last_sign_in_ip" inet, "created_at" timestamp NOT NULL, "updated_at" timestamp NOT NULL) 
  [1m[36m (1.2ms)[0m  [1mCREATE UNIQUE INDEX  "index_users_on_email" ON "users" USING btree ("email")[0m
  [1m[35m (1.2ms)[0m  CREATE UNIQUE INDEX  "index_users_on_reset_password_token" ON "users" USING btree ("reset_password_token")
  [1m[36m (2.3ms)[0m  [1mCREATE TABLE "schema_migrations" ("version" character varying NOT NULL) [0m
  [1m[35m (1.0ms)[0m  CREATE UNIQUE INDEX  "unique_schema_migrations" ON "schema_migrations"  ("version")
  [1m[36m (0.3ms)[0m  [1mSELECT version FROM "schema_migrations"[0m
  [1m[35m (0.6ms)[0m  INSERT INTO "schema_migrations" (version) VALUES ('20161216005758')
  [1m[36m (0.4ms)[0m  [1mINSERT INTO "schema_migrations" (version) VALUES ('20161215224920')[0m
  [1m[35m (0.3ms)[0m  INSERT INTO "schema_migrations" (version) VALUES ('20161215224928')
  [1m[36m (0.3ms)[0m  [1mINSERT INTO "schema_migrations" (version) VALUES ('20161215225002')[0m
  [1m[35m (0.3ms)[0m  INSERT INTO "schema_migrations" (version) VALUES ('20161215232358')
  [1m[36mActiveRecord::SchemaMigration Load (0.2ms)[0m  [1mSELECT "schema_migrations".* FROM "schema_migrations"[0m
  [1m[35mSQL (0.4ms)[0m  DELETE FROM "users"
  [1m[36mSQL (0.7ms)[0m  [1mDELETE FROM "sessions"[0m
  [1m[35mSQL (0.3ms)[0m  DELETE FROM "courses"
  [1m[36mSQL (0.2ms)[0m  [1mDELETE FROM "reviews"[0m
  [1m[35m (0.2ms)[0m  BEGIN
  [1m[36mUser Exists (0.4ms)[0m  [1mSELECT  1 AS one FROM "users" WHERE "users"."email" = 'tae@gmail.com' LIMIT 1[0m
  [1m[35mSQL (0.4ms)[0m  INSERT INTO "users" ("dob", "first_name", "last_name", "email", "encrypted_password", "created_at", "updated_at") VALUES ($1, $2, $3, $4, $5, $6, $7) RETURNING "id"  [["dob", "0002-02-02"], ["first_name", "Tae"], ["last_name", "Yun"], ["email", "tae@gmail.com"], ["encrypted_password", "$2a$11$m9QbqMFKrSMXe53PSIsheOuPJzYfDn7LLleHel5uDpWWrMqP1puiK"], ["created_at", "2016-12-16 01:59:58.750226"], ["updated_at", "2016-12-16 01:59:58.750226"]]
  [1m[36m (0.5ms)[0m  [1mCOMMIT[0m
  [1m[35m (0.1ms)[0m  BEGIN
  [1m[36mUser Exists (0.3ms)[0m  [1mSELECT  1 AS one FROM "users" WHERE "users"."email" = 'matt@gmail.com' LIMIT 1[0m
  [1m[35mSQL (0.2ms)[0m  INSERT INTO "users" ("dob", "first_name", "last_name", "email", "encrypted_password", "created_at", "updated_at") VALUES ($1, $2, $3, $4, $5, $6, $7) RETURNING "id"  [["dob", "0002-02-02"], ["first_name", "Matt"], ["last_name", "Dimesky"], ["email", "matt@gmail.com"], ["encrypted_password", "$2a$11$buqoyjc72mQc1cJa7LfB5ejX4jM59sz0do4iuIRuRJRns6YuWwcSK"], ["created_at", "2016-12-16 01:59:58.887698"], ["updated_at", "2016-12-16 01:59:58.887698"]]
  [1m[36m (0.4ms)[0m  [1mCOMMIT[0m
  [1m[35m (0.1ms)[0m  BEGIN
  [1m[36mSQL (0.3ms)[0m  [1mINSERT INTO "courses" ("price", "subject", "description", "location", "teacher_id", "created_at", "updated_at") VALUES ($1, $2, $3, $4, $5, $6, $7) RETURNING "id"[0m  [["price", "$300"], ["subject", "computers"], ["description", "They suck"], ["location", "San Diego"], ["teacher_id", 1], ["created_at", "2016-12-16 01:59:58.898383"], ["updated_at", "2016-12-16 01:59:58.898383"]]
  [1m[35m (0.5ms)[0m  COMMIT
  [1m[36m (0.1ms)[0m  [1mBEGIN[0m
  [1m[35mSQL (0.7ms)[0m  INSERT INTO "sessions" ("location", "time", "course_id", "created_at", "updated_at") VALUES ($1, $2, $3, $4, $5) RETURNING "id"  [["location", "San Diego"], ["time", "4713-01-01 00:00:00.000000 BC"], ["course_id", 1], ["created_at", "2016-12-16 01:59:58.924261"], ["updated_at", "2016-12-16 01:59:58.924261"]]
PG::NotNullViolation: ERROR:  null value in column "student_id" violates not-null constraint
DETAIL:  Failing row contains (1, San Diego, 4713-01-01 00:00:00 BC, 1, null, 2016-12-16 01:59:58.924261, 2016-12-16 01:59:58.924261).
: INSERT INTO "sessions" ("location", "time", "course_id", "created_at", "updated_at") VALUES ($1, $2, $3, $4, $5) RETURNING "id"
  [1m[36m (0.1ms)[0m  [1mROLLBACK[0m
  [1m[36m (113.2ms)[0m  [1mDROP DATABASE IF EXISTS "final-project-learning-app_development"[0m
  [1m[35m (113.5ms)[0m  DROP DATABASE IF EXISTS "final-project-learning-app_test"
  [1m[36m (308.6ms)[0m  [1mCREATE DATABASE "final-project-learning-app_development" ENCODING = 'unicode'[0m
  [1m[35m (246.8ms)[0m  CREATE DATABASE "final-project-learning-app_test" ENCODING = 'unicode'
  [1m[36m (3.2ms)[0m  [1mCREATE TABLE "schema_migrations" ("version" character varying NOT NULL) [0m
  [1m[35m (1.1ms)[0m  CREATE UNIQUE INDEX  "unique_schema_migrations" ON "schema_migrations"  ("version")
  [1m[36mActiveRecord::SchemaMigration Load (0.2ms)[0m  [1mSELECT "schema_migrations".* FROM "schema_migrations"[0m
Migrating to CreateSessions (20161215224920)
  [1m[35m (0.1ms)[0m  BEGIN
  [1m[36m (3.1ms)[0m  [1mCREATE TABLE "sessions" ("id" serial primary key, "location" character varying NOT NULL, "time" timestamp NOT NULL, "course_id" integer NOT NULL, "created_at" timestamp NOT NULL, "updated_at" timestamp NOT NULL) [0m
  [1m[35mSQL (0.2ms)[0m  INSERT INTO "schema_migrations" ("version") VALUES ($1)  [["version", "20161215224920"]]
  [1m[36m (0.5ms)[0m  [1mCOMMIT[0m
Migrating to CreateCourses (20161215224928)
  [1m[35m (0.2ms)[0m  BEGIN
  [1m[36m (2.2ms)[0m  [1mCREATE TABLE "courses" ("id" serial primary key, "subject" character varying NOT NULL, "description" text NOT NULL, "location" character varying NOT NULL, "price" character varying NOT NULL, "teacher_id" integer NOT NULL, "created_at" timestamp NOT NULL, "updated_at" timestamp NOT NULL) [0m
  [1m[35mSQL (0.2ms)[0m  INSERT INTO "schema_migrations" ("version") VALUES ($1)  [["version", "20161215224928"]]
  [1m[36m (0.5ms)[0m  [1mCOMMIT[0m
Migrating to CreateReviews (20161215225002)
  [1m[35m (0.2ms)[0m  BEGIN
  [1m[36m (2.6ms)[0m  [1mCREATE TABLE "reviews" ("id" serial primary key, "rating" integer NOT NULL, "body" text NOT NULL, "reviewer_id" integer NOT NULL, "reviewable_type" character varying NOT NULL, "reviewable_id" integer NOT NULL, "created_at" timestamp NOT NULL, "updated_at" timestamp NOT NULL) [0m
  [1m[35mSQL (0.1ms)[0m  INSERT INTO "schema_migrations" ("version") VALUES ($1)  [["version", "20161215225002"]]
  [1m[36m (1.1ms)[0m  [1mCOMMIT[0m
Migrating to DeviseCreateUsers (20161215232358)
  [1m[35m (0.2ms)[0m  BEGIN
  [1m[36m (2.9ms)[0m  [1mCREATE TABLE "users" ("id" serial primary key, "first_name" character varying NOT NULL, "last_name" character varying NOT NULL, "dob" date NOT NULL, "location" character varying, "email" character varying DEFAULT '' NOT NULL, "encrypted_password" character varying DEFAULT '' NOT NULL, "reset_password_token" character varying, "reset_password_sent_at" timestamp, "remember_created_at" timestamp, "sign_in_count" integer DEFAULT 0 NOT NULL, "current_sign_in_at" timestamp, "last_sign_in_at" timestamp, "current_sign_in_ip" inet, "last_sign_in_ip" inet, "created_at" timestamp NOT NULL, "updated_at" timestamp NOT NULL) [0m
  [1m[35m (0.8ms)[0m  CREATE UNIQUE INDEX  "index_users_on_email" ON "users"  ("email")
  [1m[36m (0.8ms)[0m  [1mCREATE UNIQUE INDEX  "index_users_on_reset_password_token" ON "users"  ("reset_password_token")[0m
  [1m[35mSQL (0.2ms)[0m  INSERT INTO "schema_migrations" ("version") VALUES ($1)  [["version", "20161215232358"]]
  [1m[36m (0.4ms)[0m  [1mCOMMIT[0m
Migrating to CreateSessionsStudents (20161216005758)
  [1m[35m (0.2ms)[0m  BEGIN
  [1m[36m (4.9ms)[0m  [1mCREATE TABLE "sessions_students" ("id" serial primary key, "session_id" integer NOT NULL, "student_id" integer NOT NULL, "created_at" timestamp NOT NULL, "updated_at" timestamp NOT NULL) [0m
  [1m[35mSQL (0.1ms)[0m  INSERT INTO "schema_migrations" ("version") VALUES ($1)  [["version", "20161216005758"]]
  [1m[36m (0.5ms)[0m  [1mCOMMIT[0m
  [1m[35mActiveRecord::SchemaMigration Load (0.2ms)[0m  SELECT "schema_migrations".* FROM "schema_migrations"
  [1m[36m (2.4ms)[0m  [1mSELECT t2.oid::regclass::text AS to_table, a1.attname AS column, a2.attname AS primary_key, c.conname AS name, c.confupdtype AS on_update, c.confdeltype AS on_delete
FROM pg_constraint c
JOIN pg_class t1 ON c.conrelid = t1.oid
JOIN pg_class t2 ON c.confrelid = t2.oid
JOIN pg_attribute a1 ON a1.attnum = c.conkey[1] AND a1.attrelid = t1.oid
JOIN pg_attribute a2 ON a2.attnum = c.confkey[1] AND a2.attrelid = t2.oid
JOIN pg_namespace t3 ON c.connamespace = t3.oid
WHERE c.contype = 'f'
  AND t1.relname = 'courses'
  AND t3.nspname = ANY (current_schemas(false))
ORDER BY c.conname
[0m
  [1m[35m (1.6ms)[0m  SELECT t2.oid::regclass::text AS to_table, a1.attname AS column, a2.attname AS primary_key, c.conname AS name, c.confupdtype AS on_update, c.confdeltype AS on_delete
FROM pg_constraint c
JOIN pg_class t1 ON c.conrelid = t1.oid
JOIN pg_class t2 ON c.confrelid = t2.oid
JOIN pg_attribute a1 ON a1.attnum = c.conkey[1] AND a1.attrelid = t1.oid
JOIN pg_attribute a2 ON a2.attnum = c.confkey[1] AND a2.attrelid = t2.oid
JOIN pg_namespace t3 ON c.connamespace = t3.oid
WHERE c.contype = 'f'
  AND t1.relname = 'reviews'
  AND t3.nspname = ANY (current_schemas(false))
ORDER BY c.conname

  [1m[36m (1.9ms)[0m  [1mSELECT t2.oid::regclass::text AS to_table, a1.attname AS column, a2.attname AS primary_key, c.conname AS name, c.confupdtype AS on_update, c.confdeltype AS on_delete
FROM pg_constraint c
JOIN pg_class t1 ON c.conrelid = t1.oid
JOIN pg_class t2 ON c.confrelid = t2.oid
JOIN pg_attribute a1 ON a1.attnum = c.conkey[1] AND a1.attrelid = t1.oid
JOIN pg_attribute a2 ON a2.attnum = c.confkey[1] AND a2.attrelid = t2.oid
JOIN pg_namespace t3 ON c.connamespace = t3.oid
WHERE c.contype = 'f'
  AND t1.relname = 'sessions'
  AND t3.nspname = ANY (current_schemas(false))
ORDER BY c.conname
[0m
  [1m[35m (1.7ms)[0m  SELECT t2.oid::regclass::text AS to_table, a1.attname AS column, a2.attname AS primary_key, c.conname AS name, c.confupdtype AS on_update, c.confdeltype AS on_delete
FROM pg_constraint c
JOIN pg_class t1 ON c.conrelid = t1.oid
JOIN pg_class t2 ON c.confrelid = t2.oid
JOIN pg_attribute a1 ON a1.attnum = c.conkey[1] AND a1.attrelid = t1.oid
JOIN pg_attribute a2 ON a2.attnum = c.confkey[1] AND a2.attrelid = t2.oid
JOIN pg_namespace t3 ON c.connamespace = t3.oid
WHERE c.contype = 'f'
  AND t1.relname = 'sessions_students'
  AND t3.nspname = ANY (current_schemas(false))
ORDER BY c.conname

  [1m[36m (1.5ms)[0m  [1mSELECT t2.oid::regclass::text AS to_table, a1.attname AS column, a2.attname AS primary_key, c.conname AS name, c.confupdtype AS on_update, c.confdeltype AS on_delete
FROM pg_constraint c
JOIN pg_class t1 ON c.conrelid = t1.oid
JOIN pg_class t2 ON c.confrelid = t2.oid
JOIN pg_attribute a1 ON a1.attnum = c.conkey[1] AND a1.attrelid = t1.oid
JOIN pg_attribute a2 ON a2.attnum = c.confkey[1] AND a2.attrelid = t2.oid
JOIN pg_namespace t3 ON c.connamespace = t3.oid
WHERE c.contype = 'f'
  AND t1.relname = 'users'
  AND t3.nspname = ANY (current_schemas(false))
ORDER BY c.conname
[0m
  [1m[36mActiveRecord::SchemaMigration Load (0.3ms)[0m  [1mSELECT "schema_migrations".* FROM "schema_migrations"[0m
  [1m[35mSQL (0.6ms)[0m  DELETE FROM "users"
  [1m[36mSQL (0.3ms)[0m  [1mDELETE FROM "sessions"[0m
  [1m[35mSQL (0.3ms)[0m  DELETE FROM "courses"
  [1m[36mSQL (0.2ms)[0m  [1mDELETE FROM "reviews"[0m
  [1m[35m (0.1ms)[0m  BEGIN
  [1m[36mUser Exists (0.4ms)[0m  [1mSELECT  1 AS one FROM "users" WHERE "users"."email" = 'tae@gmail.com' LIMIT 1[0m
  [1m[35mSQL (0.3ms)[0m  INSERT INTO "users" ("dob", "first_name", "last_name", "email", "encrypted_password", "created_at", "updated_at") VALUES ($1, $2, $3, $4, $5, $6, $7) RETURNING "id"  [["dob", "0002-02-02"], ["first_name", "Tae"], ["last_name", "Yun"], ["email", "tae@gmail.com"], ["encrypted_password", "$2a$11$3dpHQVG6tozk8UDi0GTcVOZBvRFHdN6U0UA/DS5lnXYYZMOMP12Mq"], ["created_at", "2016-12-16 02:00:42.631514"], ["updated_at", "2016-12-16 02:00:42.631514"]]
  [1m[36m (0.4ms)[0m  [1mCOMMIT[0m
  [1m[35m (0.2ms)[0m  BEGIN
  [1m[36mUser Exists (0.3ms)[0m  [1mSELECT  1 AS one FROM "users" WHERE "users"."email" = 'matt@gmail.com' LIMIT 1[0m
  [1m[35mSQL (0.2ms)[0m  INSERT INTO "users" ("dob", "first_name", "last_name", "email", "encrypted_password", "created_at", "updated_at") VALUES ($1, $2, $3, $4, $5, $6, $7) RETURNING "id"  [["dob", "0002-02-02"], ["first_name", "Matt"], ["last_name", "Dimesky"], ["email", "matt@gmail.com"], ["encrypted_password", "$2a$11$NAOqEMEPxFLFgI2fyiWzO.PdIl4ebSuktUHx1FJdM4zZwWASk0zTO"], ["created_at", "2016-12-16 02:00:42.768314"], ["updated_at", "2016-12-16 02:00:42.768314"]]
  [1m[36m (0.4ms)[0m  [1mCOMMIT[0m
  [1m[35m (0.1ms)[0m  BEGIN
  [1m[36mSQL (0.3ms)[0m  [1mINSERT INTO "courses" ("price", "subject", "description", "location", "teacher_id", "created_at", "updated_at") VALUES ($1, $2, $3, $4, $5, $6, $7) RETURNING "id"[0m  [["price", "$300"], ["subject", "computers"], ["description", "They suck"], ["location", "San Diego"], ["teacher_id", 1], ["created_at", "2016-12-16 02:00:42.778982"], ["updated_at", "2016-12-16 02:00:42.778982"]]
  [1m[35m (0.3ms)[0m  COMMIT
  [1m[36m (0.1ms)[0m  [1mBEGIN[0m
  [1m[35mSQL (0.3ms)[0m  INSERT INTO "sessions" ("location", "time", "course_id", "created_at", "updated_at") VALUES ($1, $2, $3, $4, $5) RETURNING "id"  [["location", "San Diego"], ["time", "4713-01-01 00:00:00.000000 BC"], ["course_id", 1], ["created_at", "2016-12-16 02:00:42.808762"], ["updated_at", "2016-12-16 02:00:42.808762"]]
  [1m[36mSQL (0.3ms)[0m  [1mINSERT INTO "sessions_students" ("student_id", "session_id", "created_at", "updated_at") VALUES ($1, $2, $3, $4) RETURNING "id"[0m  [["student_id", 2], ["session_id", 1], ["created_at", "2016-12-16 02:00:42.810169"], ["updated_at", "2016-12-16 02:00:42.810169"]]
  [1m[35m (0.3ms)[0m  COMMIT
  [1m[36mUser Load (0.7ms)[0m  [1mSELECT  "users".* FROM "users"  ORDER BY "users"."id" DESC LIMIT 1[0m
  [1m[35mUser Load (0.4ms)[0m  SELECT  "users".* FROM "users"  ORDER BY "users"."id" DESC LIMIT 1
  [1m[36mSession Load (0.5ms)[0m  [1mSELECT "sessions".* FROM "sessions" INNER JOIN "sessions_students" ON "sessions"."id" = "sessions_students"."session_id" WHERE "sessions_students"."student_id" = $1[0m  [["student_id", 2]]
  [1m[35mSession Load (0.4ms)[0m  SELECT  "sessions".* FROM "sessions"  ORDER BY "sessions"."id" ASC LIMIT 1
  [1m[36mUser Load (0.3ms)[0m  [1mSELECT "users".* FROM "users" INNER JOIN "sessions_students" ON "users"."id" = "sessions_students"."student_id" WHERE "sessions_students"."session_id" = $1[0m  [["session_id", 1]]
